{"/home/travis/build/npmtest/node-npmtest-cordova-hot-code-push-plugin/test.js":{"path":"/home/travis/build/npmtest/node-npmtest-cordova-hot-code-push-plugin/test.js","s":{"1":2,"2":2,"3":2,"4":2,"5":2,"6":2,"7":2,"8":1,"9":2,"10":2,"11":1,"12":1,"13":1,"14":1,"15":2,"16":2,"17":2,"18":2,"19":1,"20":1,"21":2,"22":2,"23":2,"24":1,"25":1,"26":1,"27":1,"28":1,"29":1,"30":1,"31":1,"32":1,"33":1,"34":1,"35":1,"36":1,"37":1,"38":1,"39":2,"40":2,"41":1,"42":2,"43":2,"44":1,"45":2,"46":2,"47":1,"48":2,"49":2,"50":1,"51":1,"52":1,"53":1,"54":1},"b":{"1":[2,1,1,1],"2":[1,1,1,1],"3":[1,1],"4":[1,1],"5":[1,1],"6":[1,1],"7":[1,1],"8":[1,1],"9":[1,1],"10":[1,1,1],"11":[1,1],"12":[1,1],"13":[1,1],"14":[1,1],"15":[1,1],"16":[1,1],"17":[1,1]},"f":{"1":2,"2":2,"3":2,"4":2,"5":2,"6":1,"7":1,"8":1,"9":2,"10":2,"11":2,"12":2,"13":1},"fnMap":{"1":{"name":"(anonymous_1)","line":12,"loc":{"start":{"line":12,"column":1},"end":{"line":12,"column":13}}},"2":{"name":"(anonymous_2)","line":19,"loc":{"start":{"line":19,"column":5},"end":{"line":19,"column":17}}},"3":{"name":"(anonymous_3)","line":23,"loc":{"start":{"line":23,"column":24},"end":{"line":23,"column":36}}},"4":{"name":"(anonymous_4)","line":61,"loc":{"start":{"line":61,"column":5},"end":{"line":61,"column":17}}},"5":{"name":"(anonymous_5)","line":82,"loc":{"start":{"line":82,"column":5},"end":{"line":82,"column":17}}},"6":{"name":"(anonymous_6)","line":91,"loc":{"start":{"line":91,"column":77},"end":{"line":94,"column":10}}},"7":{"name":"(anonymous_7)","line":112,"loc":{"start":{"line":112,"column":83},"end":{"line":115,"column":10}},"skip":true},"8":{"name":"(anonymous_8)","line":123,"loc":{"start":{"line":123,"column":77},"end":{"line":126,"column":10}},"skip":true},"9":{"name":"(anonymous_9)","line":139,"loc":{"start":{"line":139,"column":12},"end":{"line":139,"column":40}},"skip":true},"10":{"name":"(anonymous_10)","line":147,"loc":{"start":{"line":147,"column":77},"end":{"line":150,"column":10}},"skip":true},"11":{"name":"(anonymous_11)","line":158,"loc":{"start":{"line":158,"column":83},"end":{"line":161,"column":10}},"skip":true},"12":{"name":"(anonymous_12)","line":169,"loc":{"start":{"line":169,"column":79},"end":{"line":172,"column":10}},"skip":true},"13":{"name":"(anonymous_13)","line":180,"loc":{"start":{"line":180,"column":75},"end":{"line":183,"column":10}},"skip":true}},"statementMap":{"1":{"start":{"line":12,"column":0},"end":{"line":195,"column":5}},"2":{"start":{"line":14,"column":4},"end":{"line":14,"column":14}},"3":{"start":{"line":19,"column":4},"end":{"line":56,"column":9}},"4":{"start":{"line":21,"column":8},"end":{"line":21,"column":19}},"5":{"start":{"line":23,"column":8},"end":{"line":35,"column":13}},"6":{"start":{"line":24,"column":12},"end":{"line":34,"column":13}},"7":{"start":{"line":25,"column":16},"end":{"line":28,"column":30}},"8":{"start":{"line":30,"column":16},"end":{"line":33,"column":27}},"9":{"start":{"line":37,"column":8},"end":{"line":39,"column":21}},"10":{"start":{"line":40,"column":8},"end":{"line":53,"column":9}},"11":{"start":{"line":43,"column":12},"end":{"line":46,"column":14}},"12":{"start":{"line":47,"column":12},"end":{"line":47,"column":18}},"13":{"start":{"line":50,"column":12},"end":{"line":51,"column":33}},"14":{"start":{"line":52,"column":12},"end":{"line":52,"column":18}},"15":{"start":{"line":55,"column":8},"end":{"line":55,"column":35}},"16":{"start":{"line":61,"column":4},"end":{"line":63,"column":9}},"17":{"start":{"line":62,"column":8},"end":{"line":62,"column":15}},"18":{"start":{"line":64,"column":4},"end":{"line":77,"column":5}},"19":{"start":{"line":70,"column":8},"end":{"line":70,"column":14}},"20":{"start":{"line":76,"column":8},"end":{"line":76,"column":14}},"21":{"start":{"line":82,"column":4},"end":{"line":84,"column":9}},"22":{"start":{"line":83,"column":8},"end":{"line":83,"column":15}},"23":{"start":{"line":85,"column":4},"end":{"line":194,"column":5}},"24":{"start":{"line":91,"column":8},"end":{"line":99,"column":10}},"25":{"start":{"line":98,"column":12},"end":{"line":98,"column":35}},"26":{"start":{"line":102,"column":8},"end":{"line":104,"column":63}},"27":{"start":{"line":105,"column":8},"end":{"line":105,"column":14}},"28":{"start":{"line":112,"column":8},"end":{"line":121,"column":10},"skip":true},"29":{"start":{"line":119,"column":12},"end":{"line":119,"column":55},"skip":true},"30":{"start":{"line":120,"column":12},"end":{"line":120,"column":48},"skip":true},"31":{"start":{"line":123,"column":8},"end":{"line":136,"column":10},"skip":true},"32":{"start":{"line":130,"column":12},"end":{"line":130,"column":76},"skip":true},"33":{"start":{"line":131,"column":12},"end":{"line":131,"column":73},"skip":true},"34":{"start":{"line":132,"column":12},"end":{"line":132,"column":74},"skip":true},"35":{"start":{"line":133,"column":12},"end":{"line":133,"column":79},"skip":true},"36":{"start":{"line":134,"column":12},"end":{"line":134,"column":25},"skip":true},"37":{"start":{"line":135,"column":12},"end":{"line":135,"column":45},"skip":true},"38":{"start":{"line":138,"column":8},"end":{"line":145,"column":14},"skip":true},"39":{"start":{"line":143,"column":16},"end":{"line":143,"column":29},"skip":true},"40":{"start":{"line":144,"column":16},"end":{"line":144,"column":55},"skip":true},"41":{"start":{"line":147,"column":8},"end":{"line":156,"column":10},"skip":true},"42":{"start":{"line":154,"column":12},"end":{"line":154,"column":25},"skip":true},"43":{"start":{"line":155,"column":12},"end":{"line":155,"column":45},"skip":true},"44":{"start":{"line":158,"column":8},"end":{"line":167,"column":10},"skip":true},"45":{"start":{"line":165,"column":12},"end":{"line":165,"column":25},"skip":true},"46":{"start":{"line":166,"column":12},"end":{"line":166,"column":48},"skip":true},"47":{"start":{"line":169,"column":8},"end":{"line":178,"column":10},"skip":true},"48":{"start":{"line":176,"column":12},"end":{"line":176,"column":25},"skip":true},"49":{"start":{"line":177,"column":12},"end":{"line":177,"column":46},"skip":true},"50":{"start":{"line":180,"column":8},"end":{"line":189,"column":10},"skip":true},"51":{"start":{"line":187,"column":12},"end":{"line":187,"column":94},"skip":true},"52":{"start":{"line":188,"column":12},"end":{"line":188,"column":48},"skip":true},"53":{"start":{"line":192,"column":8},"end":{"line":192,"column":35},"skip":true},"54":{"start":{"line":193,"column":8},"end":{"line":193,"column":14},"skip":true}},"branchMap":{"1":{"line":25,"type":"binary-expr","locations":[{"start":{"line":25,"column":23},"end":{"line":25,"column":62}},{"start":{"line":26,"column":20},"end":{"line":26,"column":70}},{"start":{"line":27,"column":20},"end":{"line":27,"column":71}},{"start":{"line":28,"column":20},"end":{"line":28,"column":29}}]},"2":{"line":30,"type":"binary-expr","locations":[{"start":{"line":30,"column":23},"end":{"line":30,"column":37}},{"start":{"line":31,"column":20},"end":{"line":31,"column":61}},{"start":{"line":32,"column":20},"end":{"line":32,"column":70}},{"start":{"line":33,"column":20},"end":{"line":33,"column":26}}]},"3":{"line":37,"type":"cond-expr","locations":[{"start":{"line":38,"column":14},"end":{"line":38,"column":20}},{"start":{"line":39,"column":14},"end":{"line":39,"column":20}}]},"4":{"line":40,"type":"switch","locations":[{"start":{"line":42,"column":8},"end":{"line":47,"column":18}},{"start":{"line":49,"column":8},"end":{"line":52,"column":18}}]},"5":{"line":44,"type":"binary-expr","locations":[{"start":{"line":44,"column":16},"end":{"line":44,"column":44}},{"start":{"line":44,"column":48},"end":{"line":44,"column":66}}]},"6":{"line":50,"type":"binary-expr","locations":[{"start":{"line":50,"column":21},"end":{"line":50,"column":49}},{"start":{"line":50,"column":53},"end":{"line":50,"column":72}}]},"7":{"line":64,"type":"switch","locations":[{"start":{"line":69,"column":4},"end":{"line":70,"column":14}},{"start":{"line":75,"column":4},"end":{"line":76,"column":14}}]},"8":{"line":85,"type":"switch","locations":[{"start":{"line":90,"column":4},"end":{"line":105,"column":14}},{"start":{"line":111,"column":4},"end":{"line":193,"column":14},"skip":true}]},"9":{"line":91,"type":"binary-expr","locations":[{"start":{"line":91,"column":42},"end":{"line":91,"column":73}},{"start":{"line":91,"column":77},"end":{"line":99,"column":9}}]},"10":{"line":102,"type":"binary-expr","locations":[{"start":{"line":102,"column":18},"end":{"line":102,"column":32}},{"start":{"line":103,"column":12},"end":{"line":103,"column":53}},{"start":{"line":104,"column":12},"end":{"line":104,"column":61}}]},"11":{"line":112,"type":"binary-expr","locations":[{"start":{"line":112,"column":45},"end":{"line":112,"column":79},"skip":true},{"start":{"line":112,"column":83},"end":{"line":121,"column":9},"skip":true}]},"12":{"line":123,"type":"binary-expr","locations":[{"start":{"line":123,"column":42},"end":{"line":123,"column":73},"skip":true},{"start":{"line":123,"column":77},"end":{"line":136,"column":9},"skip":true}]},"13":{"line":138,"type":"binary-expr","locations":[{"start":{"line":138,"column":48},"end":{"line":138,"column":85},"skip":true},{"start":{"line":139,"column":12},"end":{"line":145,"column":13},"skip":true}]},"14":{"line":147,"type":"binary-expr","locations":[{"start":{"line":147,"column":42},"end":{"line":147,"column":73},"skip":true},{"start":{"line":147,"column":77},"end":{"line":156,"column":9},"skip":true}]},"15":{"line":158,"type":"binary-expr","locations":[{"start":{"line":158,"column":45},"end":{"line":158,"column":79},"skip":true},{"start":{"line":158,"column":83},"end":{"line":167,"column":9},"skip":true}]},"16":{"line":169,"type":"binary-expr","locations":[{"start":{"line":169,"column":43},"end":{"line":169,"column":75},"skip":true},{"start":{"line":169,"column":79},"end":{"line":178,"column":9},"skip":true}]},"17":{"line":180,"type":"binary-expr","locations":[{"start":{"line":180,"column":41},"end":{"line":180,"column":71},"skip":true},{"start":{"line":180,"column":75},"end":{"line":189,"column":9},"skip":true}]}},"code":["/* istanbul instrument in package npmtest_cordova_hot_code_push_plugin */","/*jslint","    bitwise: true,","    browser: true,","    maxerr: 8,","    maxlen: 96,","    node: true,","    nomen: true,","    regexp: true,","    stupid: true","*/","(function () {","    'use strict';","    var local;","","","","    // run shared js-env code - pre-init","    (function () {","        // init local","        local = {};","        // init modeJs","        local.modeJs = (function () {","            try {","                return typeof navigator.userAgent === 'string' &&","                    typeof document.querySelector('body') === 'object' &&","                    typeof XMLHttpRequest.prototype.open === 'function' &&","                    'browser';","            } catch (errorCaughtBrowser) {","                return module.exports &&","                    typeof process.versions.node === 'string' &&","                    typeof require('http').createServer === 'function' &&","                    'node';","            }","        }());","        // init global","        local.global = local.modeJs === 'browser'","            ? window","            : global;","        switch (local.modeJs) {","        // re-init local from window.local","        case 'browser':","            local = local.global.utility2.objectSetDefault(","                local.global.utility2_rollup || local.global.local,","                local.global.utility2","            );","            break;","        // re-init local from example.js","        case 'node':","            local = (local.global.utility2_rollup || require('utility2'))","                .requireReadme();","            break;","        }","        // export local","        local.global.local = local;","    }());","","","","    // run shared js-env code - function","    (function () {","        return;","    }());","    switch (local.modeJs) {","","","","    // run browser js-env code - function","    case 'browser':","        break;","","","","    // run node js-env code - function","    case 'node':","        break;","    }","","","","    // run shared js-env code - post-init","    (function () {","        return;","    }());","    switch (local.modeJs) {","","","","    // run browser js-env code - post-init","    case 'browser':","        local.testCase_browser_nullCase = local.testCase_browser_nullCase || function (","            options,","            onError","        ) {","        /*","         * this function will test browsers's null-case handling-behavior-behavior","         */","            onError(null, options);","        };","","        // run tests","        local.nop(local.modeTest &&","            document.querySelector('#testRunButton1') &&","            document.querySelector('#testRunButton1').click());","        break;","","","","    // run node js-env code - post-init","    /* istanbul ignore next */","    case 'node':","        local.testCase_buildApidoc_default = local.testCase_buildApidoc_default || function (","            options,","            onError","        ) {","        /*","         * this function will test buildApidoc's default handling-behavior-behavior","         */","            options = { modulePathList: module.paths };","            local.buildApidoc(options, onError);","        };","","        local.testCase_buildApp_default = local.testCase_buildApp_default || function (","            options,","            onError","        ) {","        /*","         * this function will test buildApp's default handling-behavior-behavior","         */","            local.testCase_buildReadme_default(options, local.onErrorThrow);","            local.testCase_buildLib_default(options, local.onErrorThrow);","            local.testCase_buildTest_default(options, local.onErrorThrow);","            local.testCase_buildCustomOrg_default(options, local.onErrorThrow);","            options = [];","            local.buildApp(options, onError);","        };","","        local.testCase_buildCustomOrg_default = local.testCase_buildCustomOrg_default ||","            function (options, onError) {","            /*","             * this function will test buildCustomOrg's default handling-behavior","             */","                options = {};","                local.buildCustomOrg(options, onError);","            };","","        local.testCase_buildLib_default = local.testCase_buildLib_default || function (","            options,","            onError","        ) {","        /*","         * this function will test buildLib's default handling-behavior","         */","            options = {};","            local.buildLib(options, onError);","        };","","        local.testCase_buildReadme_default = local.testCase_buildReadme_default || function (","            options,","            onError","        ) {","        /*","         * this function will test buildReadme's default handling-behavior-behavior","         */","            options = {};","            local.buildReadme(options, onError);","        };","","        local.testCase_buildTest_default = local.testCase_buildTest_default || function (","            options,","            onError","        ) {","        /*","         * this function will test buildTest's default handling-behavior","         */","            options = {};","            local.buildTest(options, onError);","        };","","        local.testCase_webpage_default = local.testCase_webpage_default || function (","            options,","            onError","        ) {","        /*","         * this function will test webpage's default handling-behavior","         */","            options = { modeCoverageMerge: true, url: local.serverLocalHost + '?modeTest=1' };","            local.browserTest(options, onError);","        };","","        // run test-server","        local.testRunServer(local);","        break;","    }","}());",""],"l":{"12":2,"14":2,"19":2,"21":2,"23":2,"24":2,"25":2,"30":1,"37":2,"40":2,"43":1,"47":1,"50":1,"52":1,"55":2,"61":2,"62":2,"64":2,"70":1,"76":1,"82":2,"83":2,"85":2,"91":1,"98":1,"102":1,"105":1,"112":1,"119":1,"120":1,"123":1,"130":1,"131":1,"132":1,"133":1,"134":1,"135":1,"138":1,"143":2,"144":2,"147":1,"154":2,"155":2,"158":1,"165":2,"166":2,"169":1,"176":2,"177":2,"180":1,"187":1,"188":1,"192":1,"193":1}},"/home/travis/build/npmtest/node-npmtest-cordova-hot-code-push-plugin/lib.npmtest_cordova_hot_code_push_plugin.js":{"path":"/home/travis/build/npmtest/node-npmtest-cordova-hot-code-push-plugin/lib.npmtest_cordova_hot_code_push_plugin.js","s":{"1":2,"2":2,"3":2,"4":2,"5":2,"6":2,"7":2,"8":1,"9":2,"10":2,"11":2,"12":2,"13":1,"14":1,"15":1,"16":1},"b":{"1":[2,1,1,1],"2":[1,1,1,1],"3":[1,1],"4":[2,2],"5":[1,1]},"f":{"1":2,"2":2,"3":2},"fnMap":{"1":{"name":"(anonymous_1)","line":12,"loc":{"start":{"line":12,"column":1},"end":{"line":12,"column":13}}},"2":{"name":"(anonymous_2)","line":19,"loc":{"start":{"line":19,"column":5},"end":{"line":19,"column":17}}},"3":{"name":"(anonymous_3)","line":23,"loc":{"start":{"line":23,"column":24},"end":{"line":23,"column":36}}}},"statementMap":{"1":{"start":{"line":12,"column":0},"end":{"line":53,"column":5}},"2":{"start":{"line":14,"column":4},"end":{"line":14,"column":14}},"3":{"start":{"line":19,"column":4},"end":{"line":52,"column":9}},"4":{"start":{"line":21,"column":8},"end":{"line":21,"column":19}},"5":{"start":{"line":23,"column":8},"end":{"line":35,"column":13}},"6":{"start":{"line":24,"column":12},"end":{"line":34,"column":13}},"7":{"start":{"line":25,"column":16},"end":{"line":28,"column":30}},"8":{"start":{"line":30,"column":16},"end":{"line":33,"column":27}},"9":{"start":{"line":37,"column":8},"end":{"line":39,"column":21}},"10":{"start":{"line":41,"column":8},"end":{"line":41,"column":54}},"11":{"start":{"line":43,"column":8},"end":{"line":43,"column":73}},"12":{"start":{"line":45,"column":8},"end":{"line":51,"column":9}},"13":{"start":{"line":46,"column":12},"end":{"line":46,"column":79}},"14":{"start":{"line":48,"column":12},"end":{"line":48,"column":35}},"15":{"start":{"line":49,"column":12},"end":{"line":49,"column":49}},"16":{"start":{"line":50,"column":12},"end":{"line":50,"column":43}}},"branchMap":{"1":{"line":25,"type":"binary-expr","locations":[{"start":{"line":25,"column":23},"end":{"line":25,"column":62}},{"start":{"line":26,"column":20},"end":{"line":26,"column":70}},{"start":{"line":27,"column":20},"end":{"line":27,"column":71}},{"start":{"line":28,"column":20},"end":{"line":28,"column":29}}]},"2":{"line":30,"type":"binary-expr","locations":[{"start":{"line":30,"column":23},"end":{"line":30,"column":37}},{"start":{"line":31,"column":20},"end":{"line":31,"column":61}},{"start":{"line":32,"column":20},"end":{"line":32,"column":70}},{"start":{"line":33,"column":20},"end":{"line":33,"column":26}}]},"3":{"line":37,"type":"cond-expr","locations":[{"start":{"line":38,"column":14},"end":{"line":38,"column":20}},{"start":{"line":39,"column":14},"end":{"line":39,"column":20}}]},"4":{"line":41,"type":"binary-expr","locations":[{"start":{"line":41,"column":16},"end":{"line":41,"column":44}},{"start":{"line":41,"column":48},"end":{"line":41,"column":53}}]},"5":{"line":45,"type":"if","locations":[{"start":{"line":45,"column":8},"end":{"line":45,"column":8}},{"start":{"line":45,"column":8},"end":{"line":45,"column":8}}]}},"code":["/* istanbul instrument in package npmtest_cordova_hot_code_push_plugin */","/*jslint","    bitwise: true,","    browser: true,","    maxerr: 8,","    maxlen: 96,","    node: true,","    nomen: true,","    regexp: true,","    stupid: true","*/","(function () {","    'use strict';","    var local;","","","","    // run shared js-env code - pre-init","    (function () {","        // init local","        local = {};","        // init modeJs","        local.modeJs = (function () {","            try {","                return typeof navigator.userAgent === 'string' &&","                    typeof document.querySelector('body') === 'object' &&","                    typeof XMLHttpRequest.prototype.open === 'function' &&","                    'browser';","            } catch (errorCaughtBrowser) {","                return module.exports &&","                    typeof process.versions.node === 'string' &&","                    typeof require('http').createServer === 'function' &&","                    'node';","            }","        }());","        // init global","        local.global = local.modeJs === 'browser'","            ? window","            : global;","        // init utility2_rollup","        local = local.global.utility2_rollup || local;","        // init lib","        local.local = local.npmtest_cordova_hot_code_push_plugin = local;","        // init exports","        if (local.modeJs === 'browser') {","            local.global.utility2_npmtest_cordova_hot_code_push_plugin = local;","        } else {","            module.exports = local;","            module.exports.__dirname = __dirname;","            module.exports.module = module;","        }","    }());","}());",""],"l":{"12":2,"14":2,"19":2,"21":2,"23":2,"24":2,"25":2,"30":1,"37":2,"41":2,"43":2,"45":2,"46":1,"48":1,"49":1,"50":1}},"/home/travis/build/npmtest/node-npmtest-cordova-hot-code-push-plugin/example.js":{"path":"/home/travis/build/npmtest/node-npmtest-cordova-hot-code-push-plugin/example.js","s":{"1":2,"2":2,"3":2,"4":2,"5":2,"6":2,"7":2,"8":1,"9":2,"10":2,"11":2,"12":2,"13":1,"14":2,"15":2,"16":2,"17":2,"18":2,"19":0,"20":2,"21":1,"22":1,"23":1,"24":1,"25":1,"26":0,"27":0,"28":1,"29":1,"30":2,"31":0,"32":0,"33":0,"34":1,"35":2,"36":2,"37":3,"38":3,"39":3,"40":3,"41":0,"42":3,"43":3,"44":3,"45":1,"46":3,"47":1,"48":1,"49":1,"50":1,"51":1,"52":1,"53":1,"54":1,"55":1,"56":1,"57":0,"58":1,"59":6,"60":6,"61":1,"62":2,"63":0,"64":2,"65":1,"66":1,"67":0,"68":0,"69":0,"70":0,"71":0,"72":0,"73":0,"74":0,"75":0,"76":0,"77":0,"78":0,"79":0,"80":0,"81":0,"82":0,"83":0},"b":{"1":[2,1,1,1],"2":[1,1,1,1],"3":[1,1],"4":[2,2],"5":[1,1],"6":[1,1],"7":[2,0],"8":[2,1,1,1,1,1],"9":[0,2,0],"10":[1,1],"11":[2,1,1],"12":[1,0],"13":[0,2],"14":[2,0,0,0,0,0,0],"15":[0,3],"16":[3,0],"17":[1,1],"18":[0,1],"19":[1,2,0,2],"20":[1,0],"21":[1,1],"22":[0,0],"23":[0,0],"24":[0,0],"25":[0,0],"26":[0,0],"27":[0,0],"28":[0,0]},"f":{"1":2,"2":2,"3":2,"4":2,"5":2,"6":2,"7":3,"8":3,"9":3,"10":1,"11":6,"12":0},"fnMap":{"1":{"name":"(anonymous_1)","line":26,"loc":{"start":{"line":26,"column":1},"end":{"line":26,"column":13}}},"2":{"name":"(anonymous_2)","line":33,"loc":{"start":{"line":33,"column":5},"end":{"line":33,"column":17}}},"3":{"name":"(anonymous_3)","line":37,"loc":{"start":{"line":37,"column":24},"end":{"line":37,"column":36}}},"4":{"name":"(anonymous_4)","line":69,"loc":{"start":{"line":69,"column":31},"end":{"line":69,"column":48}},"skip":true},"5":{"name":"(anonymous_5)","line":78,"loc":{"start":{"line":78,"column":26},"end":{"line":78,"column":45}},"skip":true},"6":{"name":"(anonymous_6)","line":123,"loc":{"start":{"line":123,"column":33},"end":{"line":123,"column":48}},"skip":true},"7":{"name":"(anonymous_7)","line":125,"loc":{"start":{"line":125,"column":27},"end":{"line":125,"column":39}},"skip":true},"8":{"name":"(anonymous_8)","line":133,"loc":{"start":{"line":133,"column":59},"end":{"line":133,"column":74}},"skip":true},"9":{"name":"(anonymous_9)","line":143,"loc":{"start":{"line":143,"column":45},"end":{"line":143,"column":62}},"skip":true},"10":{"name":"(anonymous_10)","line":144,"loc":{"start":{"line":144,"column":73},"end":{"line":144,"column":92}},"skip":true},"11":{"name":"(anonymous_11)","line":272,"loc":{"start":{"line":272,"column":51},"end":{"line":272,"column":77}},"skip":true},"12":{"name":"(anonymous_12)","line":315,"loc":{"start":{"line":315,"column":32},"end":{"line":315,"column":61}},"skip":true}},"statementMap":{"1":{"start":{"line":26,"column":0},"end":{"line":326,"column":5}},"2":{"start":{"line":28,"column":4},"end":{"line":28,"column":14}},"3":{"start":{"line":33,"column":4},"end":{"line":60,"column":9}},"4":{"start":{"line":35,"column":8},"end":{"line":35,"column":19}},"5":{"start":{"line":37,"column":8},"end":{"line":49,"column":13}},"6":{"start":{"line":38,"column":12},"end":{"line":48,"column":13}},"7":{"start":{"line":39,"column":16},"end":{"line":42,"column":30}},"8":{"start":{"line":44,"column":16},"end":{"line":47,"column":27}},"9":{"start":{"line":51,"column":8},"end":{"line":53,"column":21}},"10":{"start":{"line":55,"column":8},"end":{"line":57,"column":45}},"11":{"start":{"line":59,"column":8},"end":{"line":59,"column":35}},"12":{"start":{"line":61,"column":4},"end":{"line":325,"column":5}},"13":{"start":{"line":69,"column":8},"end":{"line":121,"column":10},"skip":true},"14":{"start":{"line":70,"column":12},"end":{"line":88,"column":13},"skip":true},"15":{"start":{"line":76,"column":16},"end":{"line":87,"column":19},"skip":true},"16":{"start":{"line":79,"column":20},"end":{"line":86,"column":21},"skip":true},"17":{"start":{"line":82,"column":24},"end":{"line":82,"column":43},"skip":true},"18":{"start":{"line":83,"column":24},"end":{"line":83,"column":30},"skip":true},"19":{"start":{"line":85,"column":24},"end":{"line":85,"column":49},"skip":true},"20":{"start":{"line":89,"column":12},"end":{"line":107,"column":13},"skip":true},"21":{"start":{"line":92,"column":16},"end":{"line":102,"column":17},"skip":true},"22":{"start":{"line":93,"column":20},"end":{"line":93,"column":86},"skip":true},"23":{"start":{"line":94,"column":20},"end":{"line":95,"column":45},"skip":true},"24":{"start":{"line":96,"column":20},"end":{"line":96,"column":42},"skip":true},"25":{"start":{"line":97,"column":20},"end":{"line":97,"column":48},"skip":true},"26":{"start":{"line":100,"column":20},"end":{"line":100,"column":85},"skip":true},"27":{"start":{"line":101,"column":20},"end":{"line":101,"column":96},"skip":true},"28":{"start":{"line":103,"column":16},"end":{"line":103,"column":22},"skip":true},"29":{"start":{"line":106,"column":16},"end":{"line":106,"column":22},"skip":true},"30":{"start":{"line":108,"column":12},"end":{"line":120,"column":13},"skip":true},"31":{"start":{"line":114,"column":16},"end":{"line":119,"column":17},"skip":true},"32":{"start":{"line":116,"column":20},"end":{"line":116,"column":78},"skip":true},"33":{"start":{"line":118,"column":20},"end":{"line":118,"column":47},"skip":true},"34":{"start":{"line":123,"column":8},"end":{"line":141,"column":11},"skip":true},"35":{"start":{"line":124,"column":12},"end":{"line":124,"column":54},"skip":true},"36":{"start":{"line":125,"column":12},"end":{"line":140,"column":14},"skip":true},"37":{"start":{"line":126,"column":16},"end":{"line":126,"column":28},"skip":true},"38":{"start":{"line":127,"column":16},"end":{"line":127,"column":69},"skip":true},"39":{"start":{"line":128,"column":16},"end":{"line":128,"column":75},"skip":true},"40":{"start":{"line":129,"column":16},"end":{"line":131,"column":17},"skip":true},"41":{"start":{"line":130,"column":20},"end":{"line":130,"column":27},"skip":true},"42":{"start":{"line":133,"column":16},"end":{"line":137,"column":36},"skip":true},"43":{"start":{"line":134,"column":20},"end":{"line":136,"column":55},"skip":true},"44":{"start":{"line":139,"column":16},"end":{"line":139,"column":57},"skip":true},"45":{"start":{"line":143,"column":8},"end":{"line":147,"column":11},"skip":true},"46":{"start":{"line":144,"column":12},"end":{"line":146,"column":15},"skip":true},"47":{"start":{"line":145,"column":16},"end":{"line":145,"column":70},"skip":true},"48":{"start":{"line":149,"column":8},"end":{"line":149,"column":31},"skip":true},"49":{"start":{"line":150,"column":8},"end":{"line":150,"column":14},"skip":true},"50":{"start":{"line":158,"column":8},"end":{"line":158,"column":31},"skip":true},"51":{"start":{"line":160,"column":8},"end":{"line":160,"column":33},"skip":true},"52":{"start":{"line":161,"column":8},"end":{"line":161,"column":37},"skip":true},"53":{"start":{"line":162,"column":8},"end":{"line":162,"column":35},"skip":true},"54":{"start":{"line":164,"column":8},"end":{"line":164,"column":50},"skip":true},"55":{"start":{"line":166,"column":8},"end":{"line":256,"column":2},"skip":true},"56":{"start":{"line":258,"column":8},"end":{"line":286,"column":9},"skip":true},"57":{"start":{"line":259,"column":12},"end":{"line":269,"column":14},"skip":true},"58":{"start":{"line":271,"column":12},"end":{"line":285,"column":19},"skip":true},"59":{"start":{"line":274,"column":20},"end":{"line":274,"column":35},"skip":true},"60":{"start":{"line":275,"column":20},"end":{"line":284,"column":21},"skip":true},"61":{"start":{"line":277,"column":24},"end":{"line":277,"column":64},"skip":true},"62":{"start":{"line":279,"column":24},"end":{"line":279,"column":40},"skip":true},"63":{"start":{"line":281,"column":24},"end":{"line":281,"column":40},"skip":true},"64":{"start":{"line":283,"column":24},"end":{"line":283,"column":39},"skip":true},"65":{"start":{"line":288,"column":8},"end":{"line":290,"column":9},"skip":true},"66":{"start":{"line":289,"column":12},"end":{"line":289,"column":18},"skip":true},"67":{"start":{"line":291,"column":8},"end":{"line":293,"column":54},"skip":true},"68":{"start":{"line":296,"column":8},"end":{"line":301,"column":37},"skip":true},"69":{"start":{"line":303,"column":8},"end":{"line":303,"column":82},"skip":true},"70":{"start":{"line":306,"column":8},"end":{"line":308,"column":9},"skip":true},"71":{"start":{"line":307,"column":12},"end":{"line":307,"column":82},"skip":true},"72":{"start":{"line":310,"column":8},"end":{"line":312,"column":9},"skip":true},"73":{"start":{"line":311,"column":12},"end":{"line":311,"column":18},"skip":true},"74":{"start":{"line":313,"column":8},"end":{"line":313,"column":54},"skip":true},"75":{"start":{"line":314,"column":8},"end":{"line":314,"column":69},"skip":true},"76":{"start":{"line":315,"column":8},"end":{"line":323,"column":36},"skip":true},"77":{"start":{"line":316,"column":12},"end":{"line":316,"column":61},"skip":true},"78":{"start":{"line":317,"column":12},"end":{"line":320,"column":13},"skip":true},"79":{"start":{"line":318,"column":16},"end":{"line":318,"column":75},"skip":true},"80":{"start":{"line":319,"column":16},"end":{"line":319,"column":23},"skip":true},"81":{"start":{"line":321,"column":12},"end":{"line":321,"column":38},"skip":true},"82":{"start":{"line":322,"column":12},"end":{"line":322,"column":27},"skip":true},"83":{"start":{"line":324,"column":8},"end":{"line":324,"column":14},"skip":true}},"branchMap":{"1":{"line":39,"type":"binary-expr","locations":[{"start":{"line":39,"column":23},"end":{"line":39,"column":62}},{"start":{"line":40,"column":20},"end":{"line":40,"column":70}},{"start":{"line":41,"column":20},"end":{"line":41,"column":71}},{"start":{"line":42,"column":20},"end":{"line":42,"column":29}}]},"2":{"line":44,"type":"binary-expr","locations":[{"start":{"line":44,"column":23},"end":{"line":44,"column":37}},{"start":{"line":45,"column":20},"end":{"line":45,"column":61}},{"start":{"line":46,"column":20},"end":{"line":46,"column":70}},{"start":{"line":47,"column":20},"end":{"line":47,"column":26}}]},"3":{"line":51,"type":"cond-expr","locations":[{"start":{"line":52,"column":14},"end":{"line":52,"column":20}},{"start":{"line":53,"column":14},"end":{"line":53,"column":20}}]},"4":{"line":55,"type":"binary-expr","locations":[{"start":{"line":55,"column":16},"end":{"line":55,"column":44}},{"start":{"line":55,"column":49},"end":{"line":57,"column":43}}]},"5":{"line":55,"type":"cond-expr","locations":[{"start":{"line":56,"column":14},"end":{"line":56,"column":72}},{"start":{"line":57,"column":14},"end":{"line":57,"column":43}}]},"6":{"line":61,"type":"switch","locations":[{"start":{"line":68,"column":4},"end":{"line":150,"column":14},"skip":true},{"start":{"line":156,"column":4},"end":{"line":324,"column":14},"skip":true}]},"7":{"line":70,"type":"if","locations":[{"start":{"line":70,"column":12},"end":{"line":70,"column":12},"skip":true},{"start":{"line":70,"column":12},"end":{"line":70,"column":12},"skip":true}]},"8":{"line":70,"type":"binary-expr","locations":[{"start":{"line":70,"column":16},"end":{"line":70,"column":22},"skip":true},{"start":{"line":70,"column":27},"end":{"line":70,"column":32},"skip":true},{"start":{"line":71,"column":20},"end":{"line":71,"column":39},"skip":true},{"start":{"line":72,"column":20},"end":{"line":72,"column":49},"skip":true},{"start":{"line":73,"column":20},"end":{"line":73,"column":58},"skip":true},{"start":{"line":74,"column":20},"end":{"line":74,"column":69},"skip":true}]},"9":{"line":79,"type":"switch","locations":[{"start":{"line":80,"column":20},"end":{"line":80,"column":33},"skip":true},{"start":{"line":81,"column":20},"end":{"line":83,"column":30},"skip":true},{"start":{"line":84,"column":20},"end":{"line":85,"column":49},"skip":true}]},"10":{"line":89,"type":"switch","locations":[{"start":{"line":90,"column":12},"end":{"line":103,"column":22},"skip":true},{"start":{"line":105,"column":12},"end":{"line":106,"column":22},"skip":true}]},"11":{"line":89,"type":"binary-expr","locations":[{"start":{"line":89,"column":20},"end":{"line":89,"column":25},"skip":true},{"start":{"line":89,"column":29},"end":{"line":89,"column":48},"skip":true},{"start":{"line":89,"column":52},"end":{"line":89,"column":74},"skip":true}]},"12":{"line":92,"type":"if","locations":[{"start":{"line":92,"column":16},"end":{"line":92,"column":16},"skip":true},{"start":{"line":92,"column":16},"end":{"line":92,"column":16},"skip":true}]},"13":{"line":108,"type":"if","locations":[{"start":{"line":108,"column":12},"end":{"line":108,"column":12},"skip":true},{"start":{"line":108,"column":12},"end":{"line":108,"column":12},"skip":true}]},"14":{"line":108,"type":"binary-expr","locations":[{"start":{"line":108,"column":16},"end":{"line":108,"column":61},"skip":true},{"start":{"line":108,"column":66},"end":{"line":108,"column":72},"skip":true},{"start":{"line":108,"column":77},"end":{"line":108,"column":82},"skip":true},{"start":{"line":109,"column":20},"end":{"line":109,"column":39},"skip":true},{"start":{"line":110,"column":20},"end":{"line":110,"column":49},"skip":true},{"start":{"line":111,"column":20},"end":{"line":111,"column":58},"skip":true},{"start":{"line":112,"column":20},"end":{"line":112,"column":68},"skip":true}]},"15":{"line":129,"type":"if","locations":[{"start":{"line":129,"column":16},"end":{"line":129,"column":16},"skip":true},{"start":{"line":129,"column":16},"end":{"line":129,"column":16},"skip":true}]},"16":{"line":134,"type":"cond-expr","locations":[{"start":{"line":135,"column":26},"end":{"line":135,"column":29},"skip":true},{"start":{"line":136,"column":26},"end":{"line":136,"column":54},"skip":true}]},"17":{"line":164,"type":"binary-expr","locations":[{"start":{"line":164,"column":27},"end":{"line":164,"column":43},"skip":true},{"start":{"line":164,"column":47},"end":{"line":164,"column":49},"skip":true}]},"18":{"line":258,"type":"if","locations":[{"start":{"line":258,"column":8},"end":{"line":258,"column":8},"skip":true},{"start":{"line":258,"column":8},"end":{"line":258,"column":8},"skip":true}]},"19":{"line":275,"type":"switch","locations":[{"start":{"line":276,"column":20},"end":{"line":277,"column":64},"skip":true},{"start":{"line":278,"column":20},"end":{"line":279,"column":40},"skip":true},{"start":{"line":280,"column":20},"end":{"line":281,"column":40},"skip":true},{"start":{"line":282,"column":20},"end":{"line":283,"column":39},"skip":true}]},"20":{"line":288,"type":"if","locations":[{"start":{"line":288,"column":8},"end":{"line":288,"column":8},"skip":true},{"start":{"line":288,"column":8},"end":{"line":288,"column":8},"skip":true}]},"21":{"line":288,"type":"binary-expr","locations":[{"start":{"line":288,"column":12},"end":{"line":288,"column":40},"skip":true},{"start":{"line":288,"column":44},"end":{"line":288,"column":67},"skip":true}]},"22":{"line":292,"type":"binary-expr","locations":[{"start":{"line":292,"column":12},"end":{"line":292,"column":50},"skip":true},{"start":{"line":293,"column":12},"end":{"line":293,"column":53},"skip":true}]},"23":{"line":297,"type":"binary-expr","locations":[{"start":{"line":297,"column":12},"end":{"line":297,"column":86},"skip":true},{"start":{"line":298,"column":12},"end":{"line":301,"column":36},"skip":true}]},"24":{"line":303,"type":"binary-expr","locations":[{"start":{"line":303,"column":43},"end":{"line":303,"column":75},"skip":true},{"start":{"line":303,"column":79},"end":{"line":303,"column":81},"skip":true}]},"25":{"line":306,"type":"if","locations":[{"start":{"line":306,"column":8},"end":{"line":306,"column":8},"skip":true},{"start":{"line":306,"column":8},"end":{"line":306,"column":8},"skip":true}]},"26":{"line":310,"type":"if","locations":[{"start":{"line":310,"column":8},"end":{"line":310,"column":8},"skip":true},{"start":{"line":310,"column":8},"end":{"line":310,"column":8},"skip":true}]},"27":{"line":313,"type":"binary-expr","locations":[{"start":{"line":313,"column":27},"end":{"line":313,"column":43},"skip":true},{"start":{"line":313,"column":47},"end":{"line":313,"column":53},"skip":true}]},"28":{"line":317,"type":"if","locations":[{"start":{"line":317,"column":12},"end":{"line":317,"column":12},"skip":true},{"start":{"line":317,"column":12},"end":{"line":317,"column":12},"skip":true}]}},"code":["/*","example.js","","quickstart example","","instruction","    1. save this script as example.js","    2. run the shell command:","        $ npm install npmtest-cordova-hot-code-push-plugin && PORT=8081 node example.js","    3. play with the browser-demo on http://127.0.0.1:8081","*/","","","","/* istanbul instrument in package npmtest_cordova_hot_code_push_plugin */","/*jslint","    bitwise: true,","    browser: true,","    maxerr: 8,","    maxlen: 96,","    node: true,","    nomen: true,","    regexp: true,","    stupid: true","*/","(function () {","    'use strict';","    var local;","","","","    // run shared js-env code - pre-init","    (function () {","        // init local","        local = {};","        // init modeJs","        local.modeJs = (function () {","            try {","                return typeof navigator.userAgent === 'string' &&","                    typeof document.querySelector('body') === 'object' &&","                    typeof XMLHttpRequest.prototype.open === 'function' &&","                    'browser';","            } catch (errorCaughtBrowser) {","                return module.exports &&","                    typeof process.versions.node === 'string' &&","                    typeof require('http').createServer === 'function' &&","                    'node';","            }","        }());","        // init global","        local.global = local.modeJs === 'browser'","            ? window","            : global;","        // init utility2_rollup","        local = local.global.utility2_rollup || (local.modeJs === 'browser'","            ? local.global.utility2_npmtest_cordova_hot_code_push_plugin","            : global.utility2_moduleExports);","        // export local","        local.global.local = local;","    }());","    switch (local.modeJs) {","","","","    // post-init","    // run browser js-env code - post-init","    /* istanbul ignore next */","    case 'browser':","        local.testRunBrowser = function (event) {","            if (!event || (event &&","                    event.currentTarget &&","                    event.currentTarget.className &&","                    event.currentTarget.className.includes &&","                    event.currentTarget.className.includes('onreset'))) {","                // reset output","                Array.from(","                    document.querySelectorAll('body > .resettable')","                ).forEach(function (element) {","                    switch (element.tagName) {","                    case 'INPUT':","                    case 'TEXTAREA':","                        element.value = '';","                        break;","                    default:","                        element.textContent = '';","                    }","                });","            }","            switch (event && event.currentTarget && event.currentTarget.id) {","            case 'testRunButton1':","                // show tests","                if (document.querySelector('#testReportDiv1').style.display === 'none') {","                    document.querySelector('#testReportDiv1').style.display = 'block';","                    document.querySelector('#testRunButton1').textContent =","                        'hide internal test';","                    local.modeTest = true;","                    local.testRunDefault(local);","                // hide tests","                } else {","                    document.querySelector('#testReportDiv1').style.display = 'none';","                    document.querySelector('#testRunButton1').textContent = 'run internal test';","                }","                break;","            // custom-case","            default:","                break;","            }","            if (document.querySelector('#inputTextareaEval1') && (!event || (event &&","                    event.currentTarget &&","                    event.currentTarget.className &&","                    event.currentTarget.className.includes &&","                    event.currentTarget.className.includes('oneval')))) {","                // try to eval input-code","                try {","                    /*jslint evil: true*/","                    eval(document.querySelector('#inputTextareaEval1').value);","                } catch (errorCaught) {","                    console.error(errorCaught);","                }","            }","        };","        // log stderr and stdout to #outputTextareaStdout1","        ['error', 'log'].forEach(function (key) {","            console[key + '_original'] = console[key];","            console[key] = function () {","                var element;","                console[key + '_original'].apply(console, arguments);","                element = document.querySelector('#outputTextareaStdout1');","                if (!element) {","                    return;","                }","                // append text to #outputTextareaStdout1","                element.value += Array.from(arguments).map(function (arg) {","                    return typeof arg === 'string'","                        ? arg","                        : JSON.stringify(arg, null, 4);","                }).join(' ') + '\\n';","                // scroll textarea to bottom","                element.scrollTop = element.scrollHeight;","            };","        });","        // init event-handling","        ['change', 'click', 'keyup'].forEach(function (event) {","            Array.from(document.querySelectorAll('.on' + event)).forEach(function (element) {","                element.addEventListener(event, local.testRunBrowser);","            });","        });","        // run tests","        local.testRunBrowser();","        break;","","","","    // run node js-env code - post-init","    /* istanbul ignore next */","    case 'node':","        // export local","        module.exports = local;","        // require modules","        local.fs = require('fs');","        local.http = require('http');","        local.url = require('url');","        // init assets","        local.assetsDict = local.assetsDict || {};","        /* jslint-ignore-begin */","        local.assetsDict['/assets.index.template.html'] = '\\","<!doctype html>\\n\\","<html lang=\"en\">\\n\\","<head>\\n\\","<meta charset=\"UTF-8\">\\n\\","<meta name=\"viewport\" content=\"width=device-width, initial-scale=1\">\\n\\","<title>{{env.npm_package_name}} (v{{env.npm_package_version}})</title>\\n\\","<style>\\n\\","/*csslint\\n\\","    box-sizing: false,\\n\\","    universal-selector: false\\n\\","*/\\n\\","* {\\n\\","    box-sizing: border-box;\\n\\","}\\n\\","body {\\n\\","    background: #dde;\\n\\","    font-family: Arial, Helvetica, sans-serif;\\n\\","    margin: 2rem;\\n\\","}\\n\\","body > * {\\n\\","    margin-bottom: 1rem;\\n\\","}\\n\\",".utility2FooterDiv {\\n\\","    margin-top: 20px;\\n\\","    text-align: center;\\n\\","}\\n\\","</style>\\n\\","<style>\\n\\","/*csslint\\n\\","*/\\n\\","textarea {\\n\\","    font-family: monospace;\\n\\","    height: 10rem;\\n\\","    width: 100%;\\n\\","}\\n\\","textarea[readonly] {\\n\\","    background: #ddd;\\n\\","}\\n\\","</style>\\n\\","</head>\\n\\","<body>\\n\\","<!-- utility2-comment\\n\\","<div id=\"ajaxProgressDiv1\" style=\"background: #d00; height: 2px; left: 0; margin: 0; padding: 0; position: fixed; top: 0; transition: background 0.5s, width 1.5s; width: 25%;\"></div>\\n\\","utility2-comment -->\\n\\","<h1>\\n\\","<!-- utility2-comment\\n\\","    <a\\n\\","        {{#if env.npm_package_homepage}}\\n\\","        href=\"{{env.npm_package_homepage}}\"\\n\\","        {{/if env.npm_package_homepage}}\\n\\","        target=\"_blank\"\\n\\","    >\\n\\","utility2-comment -->\\n\\","        {{env.npm_package_name}} (v{{env.npm_package_version}})\\n\\","<!-- utility2-comment\\n\\","    </a>\\n\\","utility2-comment -->\\n\\","</h1>\\n\\","<h3>{{env.npm_package_description}}</h3>\\n\\","<!-- utility2-comment\\n\\","<h4><a download href=\"assets.app.js\">download standalone app</a></h4>\\n\\","<button class=\"onclick onreset\" id=\"testRunButton1\">run internal test</button><br>\\n\\","<div id=\"testReportDiv1\" style=\"display: none;\"></div>\\n\\","utility2-comment -->\\n\\","\\n\\","\\n\\","\\n\\","<label>stderr and stdout</label>\\n\\","<textarea class=\"resettable\" id=\"outputTextareaStdout1\" readonly></textarea>\\n\\","<!-- utility2-comment\\n\\","{{#if isRollup}}\\n\\","<script src=\"assets.app.js\"></script>\\n\\","{{#unless isRollup}}\\n\\","utility2-comment -->\\n\\","<script src=\"assets.utility2.rollup.js\"></script>\\n\\","<script src=\"jsonp.utility2._stateInit?callback=window.utility2._stateInit\"></script>\\n\\","<script src=\"assets.npmtest_cordova_hot_code_push_plugin.rollup.js\"></script>\\n\\","<script src=\"assets.example.js\"></script>\\n\\","<script src=\"assets.test.js\"></script>\\n\\","<!-- utility2-comment\\n\\","{{/if isRollup}}\\n\\","utility2-comment -->\\n\\","<div class=\"utility2FooterDiv\">\\n\\","    [ this app was created with\\n\\","    <a href=\"https://github.com/kaizhu256/node-utility2\" target=\"_blank\">utility2</a>\\n\\","    ]\\n\\","</div>\\n\\","</body>\\n\\","</html>\\n\\","';","        /* jslint-ignore-end */","        if (local.templateRender) {","            local.assetsDict['/'] = local.templateRender(","                local.assetsDict['/assets.index.template.html'],","                {","                    env: local.objectSetDefault(local.env, {","                        npm_package_description: 'the greatest app in the world!',","                        npm_package_name: 'my-app',","                        npm_package_nameAlias: 'my_app',","                        npm_package_version: '0.0.1'","                    })","                }","            );","        } else {","            local.assetsDict['/'] = local.assetsDict['/assets.index.template.html']","                .replace((/\\{\\{env\\.(\\w+?)\\}\\}/g), function (match0, match1) {","                    // jslint-hack","                    String(match0);","                    switch (match1) {","                    case 'npm_package_description':","                        return 'the greatest app in the world!';","                    case 'npm_package_name':","                        return 'my-app';","                    case 'npm_package_nameAlias':","                        return 'my_app';","                    case 'npm_package_version':","                        return '0.0.1';","                    }","                });","        }","        // run the cli","        if (local.global.utility2_rollup || module !== require.main) {","            break;","        }","        local.assetsDict['/assets.example.js'] =","            local.assetsDict['/assets.example.js'] ||","            local.fs.readFileSync(__filename, 'utf8');","        // bug-workaround - long $npm_package_buildCustomOrg","        /* jslint-ignore-begin */","        local.assetsDict['/assets.npmtest_cordova_hot_code_push_plugin.rollup.js'] =","            local.assetsDict['/assets.npmtest_cordova_hot_code_push_plugin.rollup.js'] ||","            local.fs.readFileSync(","                local.npmtest_cordova_hot_code_push_plugin.__dirname + '/lib.npmtest_cordova_hot_code_push_plugin.js',","                'utf8'","            ).replace((/^#!/), '//');","        /* jslint-ignore-end */","        local.assetsDict['/favicon.ico'] = local.assetsDict['/favicon.ico'] || '';","        // if $npm_config_timeout_exit exists,","        // then exit this process after $npm_config_timeout_exit ms","        if (Number(process.env.npm_config_timeout_exit)) {","            setTimeout(process.exit, Number(process.env.npm_config_timeout_exit));","        }","        // start server","        if (local.global.utility2_serverHttp1) {","            break;","        }","        process.env.PORT = process.env.PORT || '8081';","        console.error('server starting on port ' + process.env.PORT);","        local.http.createServer(function (request, response) {","            request.urlParsed = local.url.parse(request.url);","            if (local.assetsDict[request.urlParsed.pathname] !== undefined) {","                response.end(local.assetsDict[request.urlParsed.pathname]);","                return;","            }","            response.statusCode = 404;","            response.end();","        }).listen(process.env.PORT);","        break;","    }","}());",""],"l":{"26":2,"28":2,"33":2,"35":2,"37":2,"38":2,"39":2,"44":1,"51":2,"55":2,"59":2,"61":2,"69":1,"70":2,"76":2,"79":2,"82":2,"83":2,"85":1,"89":2,"92":1,"93":1,"94":1,"96":1,"97":1,"100":1,"101":1,"103":1,"106":1,"108":2,"114":1,"116":1,"118":1,"123":1,"124":2,"125":2,"126":3,"127":3,"128":3,"129":3,"130":1,"133":3,"134":3,"139":3,"143":1,"144":3,"145":1,"149":1,"150":1,"158":1,"160":1,"161":1,"162":1,"164":1,"166":1,"258":1,"259":1,"271":1,"274":6,"275":6,"277":1,"279":2,"281":1,"283":2,"288":1,"289":1,"291":1,"296":1,"303":1,"306":1,"307":1,"310":1,"311":1,"313":1,"314":1,"315":1,"316":1,"317":1,"318":1,"319":1,"321":1,"322":1,"324":1}},"/home/travis/build/npmtest/node-npmtest-cordova-hot-code-push-plugin/node_modules/cordova-hot-code-push-plugin/scripts/afterPrepareHook.js":{"path":"/home/travis/build/npmtest/node-npmtest-cordova-hot-code-push-plugin/node_modules/cordova-hot-code-push-plugin/scripts/afterPrepareHook.js","s":{"1":1,"2":1,"3":1,"4":1,"5":1,"6":1,"7":1,"8":0,"9":1,"10":0,"11":0,"12":1,"13":0,"14":0,"15":0,"16":0,"17":1,"18":0,"19":0,"20":0,"21":0,"22":0,"23":0,"24":0,"25":0,"26":0,"27":0,"28":1,"29":0,"30":1,"31":0,"32":0,"33":0,"34":0,"35":0,"36":0,"37":0,"38":0,"39":0,"40":0,"41":0,"42":0,"43":0,"44":0,"45":1,"46":0,"47":0,"48":0,"49":0,"50":0,"51":0,"52":0,"53":0,"54":0,"55":0,"56":0,"57":0,"58":0,"59":1,"60":0,"61":0,"62":1,"63":0,"64":0,"65":0,"66":0,"67":0,"68":0,"69":0,"70":0,"71":0,"72":0,"73":0,"74":0,"75":0,"76":0},"b":{"1":[0,0],"2":[0,0],"3":[0,0],"4":[0,0],"5":[0,0],"6":[0,0],"7":[0,0],"8":[0,0],"9":[0,0],"10":[0,0],"11":[0,0],"12":[0,0],"13":[0,0]},"f":{"1":0,"2":0,"3":0,"4":0,"5":0,"6":0,"7":0,"8":0,"9":0},"fnMap":{"1":{"name":"logStart","line":32,"loc":{"start":{"line":32,"column":0},"end":{"line":32,"column":20}}},"2":{"name":"printLog","line":36,"loc":{"start":{"line":36,"column":0},"end":{"line":36,"column":23}}},"3":{"name":"processConsoleOptions","line":48,"loc":{"start":{"line":48,"column":0},"end":{"line":48,"column":36}}},"4":{"name":"processConsoleOptions_cordova_53","line":61,"loc":{"start":{"line":61,"column":0},"end":{"line":61,"column":58}}},"5":{"name":"isString","line":82,"loc":{"start":{"line":82,"column":0},"end":{"line":82,"column":21}}},"6":{"name":"processConsoleOptions_cordova_54","line":86,"loc":{"start":{"line":86,"column":0},"end":{"line":86,"column":58}}},"7":{"name":"prepareWithCustomBuildOption","line":127,"loc":{"start":{"line":127,"column":0},"end":{"line":127,"column":71}}},"8":{"name":"mergeBuildOptions","line":157,"loc":{"start":{"line":157,"column":0},"end":{"line":157,"column":59}}},"9":{"name":"(anonymous_9)","line":163,"loc":{"start":{"line":163,"column":17},"end":{"line":163,"column":31}}}},"statementMap":{"1":{"start":{"line":25,"column":0},"end":{"line":25,"column":60}},"2":{"start":{"line":26,"column":0},"end":{"line":26,"column":66}},"3":{"start":{"line":27,"column":0},"end":{"line":27,"column":66}},"4":{"start":{"line":28,"column":0},"end":{"line":28,"column":78}},"5":{"start":{"line":29,"column":0},"end":{"line":29,"column":34}},"6":{"start":{"line":30,"column":0},"end":{"line":30,"column":37}},"7":{"start":{"line":32,"column":0},"end":{"line":34,"column":1}},"8":{"start":{"line":33,"column":2},"end":{"line":33,"column":49}},"9":{"start":{"line":36,"column":0},"end":{"line":39,"column":1}},"10":{"start":{"line":37,"column":2},"end":{"line":37,"column":34}},"11":{"start":{"line":38,"column":2},"end":{"line":38,"column":28}},"12":{"start":{"line":48,"column":0},"end":{"line":59,"column":1}},"13":{"start":{"line":49,"column":2},"end":{"line":49,"column":40}},"14":{"start":{"line":53,"column":2},"end":{"line":55,"column":3}},"15":{"start":{"line":54,"column":4},"end":{"line":54,"column":60}},"16":{"start":{"line":58,"column":2},"end":{"line":58,"column":58}},"17":{"start":{"line":61,"column":0},"end":{"line":80,"column":1}},"18":{"start":{"line":62,"column":2},"end":{"line":65,"column":4}},"19":{"start":{"line":68,"column":2},"end":{"line":77,"column":3}},"20":{"start":{"line":69,"column":4},"end":{"line":69,"column":34}},"21":{"start":{"line":70,"column":4},"end":{"line":76,"column":5}},"22":{"start":{"line":71,"column":6},"end":{"line":71,"column":37}},"23":{"start":{"line":72,"column":6},"end":{"line":72,"column":12}},"24":{"start":{"line":73,"column":11},"end":{"line":76,"column":5}},"25":{"start":{"line":74,"column":6},"end":{"line":74,"column":71}},"26":{"start":{"line":75,"column":6},"end":{"line":75,"column":12}},"27":{"start":{"line":79,"column":2},"end":{"line":79,"column":23}},"28":{"start":{"line":82,"column":0},"end":{"line":84,"column":1}},"29":{"start":{"line":83,"column":2},"end":{"line":83,"column":55}},"30":{"start":{"line":86,"column":0},"end":{"line":118,"column":1}},"31":{"start":{"line":89,"column":2},"end":{"line":92,"column":4}},"32":{"start":{"line":95,"column":2},"end":{"line":98,"column":3}},"33":{"start":{"line":96,"column":4},"end":{"line":96,"column":53}},"34":{"start":{"line":97,"column":4},"end":{"line":97,"column":25}},"35":{"start":{"line":101,"column":2},"end":{"line":101,"column":33}},"36":{"start":{"line":102,"column":2},"end":{"line":115,"column":3}},"37":{"start":{"line":103,"column":4},"end":{"line":103,"column":24}},"38":{"start":{"line":104,"column":4},"end":{"line":106,"column":5}},"39":{"start":{"line":105,"column":6},"end":{"line":105,"column":15}},"40":{"start":{"line":108,"column":4},"end":{"line":110,"column":5}},"41":{"start":{"line":109,"column":6},"end":{"line":109,"column":15}},"42":{"start":{"line":112,"column":4},"end":{"line":112,"column":69}},"43":{"start":{"line":114,"column":4},"end":{"line":114,"column":10}},"44":{"start":{"line":117,"column":2},"end":{"line":117,"column":23}},"45":{"start":{"line":127,"column":0},"end":{"line":149,"column":1}},"46":{"start":{"line":128,"column":2},"end":{"line":130,"column":3}},"47":{"start":{"line":129,"column":4},"end":{"line":129,"column":17}},"48":{"start":{"line":132,"column":2},"end":{"line":132,"column":82}},"49":{"start":{"line":133,"column":2},"end":{"line":136,"column":3}},"50":{"start":{"line":134,"column":4},"end":{"line":134,"column":105}},"51":{"start":{"line":135,"column":4},"end":{"line":135,"column":17}},"52":{"start":{"line":138,"column":2},"end":{"line":138,"column":49}},"53":{"start":{"line":139,"column":2},"end":{"line":139,"column":52}},"54":{"start":{"line":141,"column":2},"end":{"line":141,"column":49}},"55":{"start":{"line":143,"column":2},"end":{"line":143,"column":74}},"56":{"start":{"line":144,"column":2},"end":{"line":144,"column":55}},"57":{"start":{"line":146,"column":2},"end":{"line":146,"column":56}},"58":{"start":{"line":148,"column":2},"end":{"line":148,"column":14}},"59":{"start":{"line":157,"column":0},"end":{"line":161,"column":1}},"60":{"start":{"line":158,"column":2},"end":{"line":160,"column":3}},"61":{"start":{"line":159,"column":4},"end":{"line":159,"column":46}},"62":{"start":{"line":163,"column":0},"end":{"line":195,"column":2}},"63":{"start":{"line":164,"column":2},"end":{"line":165,"column":19}},"64":{"start":{"line":167,"column":2},"end":{"line":167,"column":13}},"65":{"start":{"line":170,"column":2},"end":{"line":172,"column":3}},"66":{"start":{"line":171,"column":4},"end":{"line":171,"column":59}},"67":{"start":{"line":175,"column":2},"end":{"line":175,"column":50}},"68":{"start":{"line":176,"column":2},"end":{"line":179,"column":3}},"69":{"start":{"line":177,"column":4},"end":{"line":177,"column":62}},"70":{"start":{"line":178,"column":4},"end":{"line":178,"column":11}},"71":{"start":{"line":182,"column":2},"end":{"line":182,"column":56}},"72":{"start":{"line":185,"column":2},"end":{"line":187,"column":3}},"73":{"start":{"line":186,"column":4},"end":{"line":186,"column":11}},"74":{"start":{"line":190,"column":2},"end":{"line":194,"column":3}},"75":{"start":{"line":191,"column":4},"end":{"line":191,"column":51}},"76":{"start":{"line":193,"column":4},"end":{"line":193,"column":75}}},"branchMap":{"1":{"line":53,"type":"if","locations":[{"start":{"line":53,"column":2},"end":{"line":53,"column":2}},{"start":{"line":53,"column":2},"end":{"line":53,"column":2}}]},"2":{"line":70,"type":"if","locations":[{"start":{"line":70,"column":4},"end":{"line":70,"column":4}},{"start":{"line":70,"column":4},"end":{"line":70,"column":4}}]},"3":{"line":73,"type":"if","locations":[{"start":{"line":73,"column":11},"end":{"line":73,"column":11}},{"start":{"line":73,"column":11},"end":{"line":73,"column":11}}]},"4":{"line":83,"type":"binary-expr","locations":[{"start":{"line":83,"column":9},"end":{"line":83,"column":31}},{"start":{"line":83,"column":35},"end":{"line":83,"column":54}}]},"5":{"line":95,"type":"if","locations":[{"start":{"line":95,"column":2},"end":{"line":95,"column":2}},{"start":{"line":95,"column":2},"end":{"line":95,"column":2}}]},"6":{"line":104,"type":"if","locations":[{"start":{"line":104,"column":4},"end":{"line":104,"column":4}},{"start":{"line":104,"column":4},"end":{"line":104,"column":4}}]},"7":{"line":108,"type":"if","locations":[{"start":{"line":108,"column":4},"end":{"line":108,"column":4}},{"start":{"line":108,"column":4},"end":{"line":108,"column":4}}]},"8":{"line":128,"type":"if","locations":[{"start":{"line":128,"column":2},"end":{"line":128,"column":2}},{"start":{"line":128,"column":2},"end":{"line":128,"column":2}}]},"9":{"line":133,"type":"if","locations":[{"start":{"line":133,"column":2},"end":{"line":133,"column":2}},{"start":{"line":133,"column":2},"end":{"line":133,"column":2}}]},"10":{"line":170,"type":"if","locations":[{"start":{"line":170,"column":2},"end":{"line":170,"column":2}},{"start":{"line":170,"column":2},"end":{"line":170,"column":2}}]},"11":{"line":176,"type":"if","locations":[{"start":{"line":176,"column":2},"end":{"line":176,"column":2}},{"start":{"line":176,"column":2},"end":{"line":176,"column":2}}]},"12":{"line":185,"type":"if","locations":[{"start":{"line":185,"column":2},"end":{"line":185,"column":2}},{"start":{"line":185,"column":2},"end":{"line":185,"column":2}}]},"13":{"line":190,"type":"if","locations":[{"start":{"line":190,"column":2},"end":{"line":190,"column":2}},{"start":{"line":190,"column":2},"end":{"line":190,"column":2}}]}},"code":["/**","This hook is executed every time we build the project.","It will populate config.xml with plugin specific options.","If you want to specify for which server to build the project - you can create chcpbuild.options and put your servers like so:","  {","    \"build_name_1\": {","      \"config-file\": \"https://some/path/to/chcp.json\"","    },","    \"build_name_2\": {","      \"config-file\": \"https://some/other/path/to/chcp.json\",","      \"local-development\": {","        \"enabled\": true","      }","    },","    ...","  }","File contains list of build options in JSON format.","After it is set you can run build command like that:","  cordova build -- build_name_1","","If no option is provided - hook will use .chcpenv file to build for local development.","More information can be found on https://github.com/nordnet/cordova-hot-code-push.","*/","","var chcpBuildOptions = require('./lib/chcpBuildOptions.js');","var chcpConfigXmlReader = require('./lib/chcpConfigXmlReader.js');","var chcpConfigXmlWriter = require('./lib/chcpConfigXmlWriter.js');","var iosWKWebViewEngineSupport = require('./lib/iosWKWebViewEngineSupport.js');","var BUILD_OPTION_PREFIX = 'chcp-';","var RELEASE_BUILD_FLAG = '--release';","","function logStart() {","  console.log('CHCP plugin after prepare hook:');","}","","function printLog(msg) {","  var formattedMsg = '    ' + msg;","  console.log(formattedMsg);","}","","/**"," * Read arguments from console."," * We are reading only plugin-related preferences."," *"," * @param {Object} ctx - cordova context object"," * @return {Object} parsed arguments; if none were provided - default options are returned"," */","function processConsoleOptions(ctx) {","  var consoleOptions = ctx.opts.options;","","  // If we are using Cordova 5.3.3 or lower - arguments are array of strings.","  // Will be removed after some time.","  if (consoleOptions instanceof Array) {","    return processConsoleOptions_cordova_53(consoleOptions);","  }","","  // for newer version of Cordova - they are an object of properties","  return processConsoleOptions_cordova_54(consoleOptions);","}","","function processConsoleOptions_cordova_53(consoleOptions) {","  var parsedOptions = {","    isRelease: false,","    buildOption: ''","  };","","  // Search for release flag, or plugin-specific build options.","  for (var idx in consoleOptions) {","    var opt = consoleOptions[idx];","    if (opt === RELEASE_BUILD_FLAG) {","      parsedOptions.isRelease = true;","      break;","    } else if (opt.indexOf(BUILD_OPTION_PREFIX) == 0) {","      parsedOptions.buildOption = opt.replace(BUILD_OPTION_PREFIX, '');","      break;","    }","  }","","  return parsedOptions;","}","","function isString(s) {","  return typeof(s) === 'string' || s instanceof String;","}","","function processConsoleOptions_cordova_54(consoleOptions) {","  // For now it's like this for backwards capability.","  // Will be simplified later, when Cordova 5.4.x will be used more wide.","  var parsedOptions = {","    isRelease: false,","    buildOption: ''","  };","","  // if building for release - save that and exit","  if (consoleOptions.hasOwnProperty('release')) {","    parsedOptions.isRelease = consoleOptions.release;","    return parsedOptions;","  }","","  // search for plugin specific build options","  var args = consoleOptions.argv;","  for (var idx in args) {","    var opt = args[idx];","    if (!isString(opt)) {","      continue;","    }","","    if (opt.indexOf(BUILD_OPTION_PREFIX) === -1) {","      continue;","    }","","    parsedOptions.buildOption = opt.replace(BUILD_OPTION_PREFIX, '');","","    break;","  }","","  return parsedOptions;","}","","/**"," * Try to inject build options according to the arguments from the console."," *"," * @param {Object} ctx - cordova context object"," * @param {String} optionName - build option name from console; will be mapped to configuration from chcpbuild.options file"," * @return {boolean} true - if build option is found and we successfully injected it into config.xml; otherwise - false"," */","function prepareWithCustomBuildOption(ctx, optionName, chcpXmlOptions) {","  if (optionName.length == 0) {","    return false;","  }","","  var buildConfig = chcpBuildOptions.getBuildConfigurationByName(ctx, optionName);","  if (buildConfig == null) {","    console.warn('Build configuration for \"' + optionName + '\" not found in chcp.options. Ignoring it.');","    return false;","  }","","  console.log('Using config from chcp.options:');","  console.log(JSON.stringify(buildConfig, null, 2));","","  mergeBuildOptions(chcpXmlOptions, buildConfig);","","  console.log('Resulting config will contain the following preferences:');","  console.log(JSON.stringify(chcpXmlOptions, null, 2));","","  chcpConfigXmlWriter.writeOptions(ctx, chcpXmlOptions);","","  return true;","}","","/**"," * Merge build options into current config.xml preferences."," *"," * @param {Object} currentXmlOptions - current plugin preferences from config.xml"," * @param {Object} buildConfig - build config preferences"," */","function mergeBuildOptions(currentXmlOptions, buildConfig) {","  for (var key in buildConfig) {","    currentXmlOptions[key] = buildConfig[key];","  }","}","","module.exports = function(ctx) {","  var buildConfig,","    chcpXmlOptions;","","  logStart();","","  // apply iOS-specific stuff","  if (ctx.opts.platforms.indexOf('ios') !== -1) {","    iosWKWebViewEngineSupport.setWKWebViewEngineMacro(ctx);","  }","","  // if we are running build with --release option - do nothing","  var consoleOptions = processConsoleOptions(ctx);","  if (consoleOptions.isRelease) {","    printLog('Building for release, not changing config.xml');","    return;","  }","","  // read plugin preferences from config.xml","  chcpXmlOptions = chcpConfigXmlReader.readOptions(ctx);","","  // if any build option is provided in console - try to map it with chcpbuild.options","  if (prepareWithCustomBuildOption(ctx, consoleOptions.buildOption, chcpXmlOptions)) {","    return;","  }","","  // if none of the above","  if (!chcpXmlOptions['config-file']) {","    printLog('config-file preference is not set.');","  } else {","    printLog('config-file set to ' + chcpXmlOptions['config-file']['url']);","  }","};",""],"l":{"25":1,"26":1,"27":1,"28":1,"29":1,"30":1,"32":1,"33":0,"36":1,"37":0,"38":0,"48":1,"49":0,"53":0,"54":0,"58":0,"61":1,"62":0,"68":0,"69":0,"70":0,"71":0,"72":0,"73":0,"74":0,"75":0,"79":0,"82":1,"83":0,"86":1,"89":0,"95":0,"96":0,"97":0,"101":0,"102":0,"103":0,"104":0,"105":0,"108":0,"109":0,"112":0,"114":0,"117":0,"127":1,"128":0,"129":0,"132":0,"133":0,"134":0,"135":0,"138":0,"139":0,"141":0,"143":0,"144":0,"146":0,"148":0,"157":1,"158":0,"159":0,"163":1,"164":0,"167":0,"170":0,"171":0,"175":0,"176":0,"177":0,"178":0,"182":0,"185":0,"186":0,"190":0,"191":0,"193":0}},"/home/travis/build/npmtest/node-npmtest-cordova-hot-code-push-plugin/node_modules/cordova-hot-code-push-plugin/scripts/lib/chcpBuildOptions.js":{"path":"/home/travis/build/npmtest/node-npmtest-cordova-hot-code-push-plugin/node_modules/cordova-hot-code-push-plugin/scripts/lib/chcpBuildOptions.js","s":{"1":1,"2":1,"3":1,"4":1,"5":1,"6":0,"7":0,"8":0,"9":0,"10":0,"11":0,"12":0,"13":0,"14":0,"15":0,"16":1,"17":0,"18":0,"19":1,"20":0,"21":0,"22":0,"23":0,"24":0},"b":{"1":[0,0],"2":[0,0],"3":[0,0],"4":[0,0]},"f":{"1":0,"2":0,"3":0},"fnMap":{"1":{"name":"getBuildConfigurationByName","line":22,"loc":{"start":{"line":22,"column":0},"end":{"line":22,"column":53}}},"2":{"name":"getBuildOptionsFromConfig","line":55,"loc":{"start":{"line":55,"column":0},"end":{"line":55,"column":40}}},"3":{"name":"readObjectFromFile","line":61,"loc":{"start":{"line":61,"column":0},"end":{"line":61,"column":38}}}},"statementMap":{"1":{"start":{"line":6,"column":0},"end":{"line":6,"column":23}},"2":{"start":{"line":7,"column":0},"end":{"line":7,"column":27}},"3":{"start":{"line":8,"column":0},"end":{"line":8,"column":44}},"4":{"start":{"line":10,"column":0},"end":{"line":12,"column":2}},"5":{"start":{"line":22,"column":0},"end":{"line":44,"column":1}},"6":{"start":{"line":24,"column":2},"end":{"line":24,"column":56}},"7":{"start":{"line":25,"column":2},"end":{"line":27,"column":3}},"8":{"start":{"line":26,"column":4},"end":{"line":26,"column":16}},"9":{"start":{"line":29,"column":2},"end":{"line":29,"column":49}},"10":{"start":{"line":30,"column":2},"end":{"line":32,"column":3}},"11":{"start":{"line":31,"column":4},"end":{"line":31,"column":16}},"12":{"start":{"line":36,"column":2},"end":{"line":41,"column":3}},"13":{"start":{"line":37,"column":4},"end":{"line":37,"column":42}},"14":{"start":{"line":38,"column":4},"end":{"line":40,"column":6}},"15":{"start":{"line":43,"column":2},"end":{"line":43,"column":22}},"16":{"start":{"line":55,"column":0},"end":{"line":59,"column":1}},"17":{"start":{"line":56,"column":2},"end":{"line":56,"column":84}},"18":{"start":{"line":58,"column":2},"end":{"line":58,"column":54}},"19":{"start":{"line":61,"column":0},"end":{"line":69,"column":1}},"20":{"start":{"line":62,"column":2},"end":{"line":62,"column":21}},"21":{"start":{"line":63,"column":2},"end":{"line":66,"column":18}},"22":{"start":{"line":64,"column":4},"end":{"line":64,"column":50}},"23":{"start":{"line":65,"column":4},"end":{"line":65,"column":40}},"24":{"start":{"line":68,"column":2},"end":{"line":68,"column":17}}},"branchMap":{"1":{"line":25,"type":"if","locations":[{"start":{"line":25,"column":2},"end":{"line":25,"column":2}},{"start":{"line":25,"column":2},"end":{"line":25,"column":2}}]},"2":{"line":30,"type":"if","locations":[{"start":{"line":30,"column":2},"end":{"line":30,"column":2}},{"start":{"line":30,"column":2},"end":{"line":30,"column":2}}]},"3":{"line":36,"type":"if","locations":[{"start":{"line":36,"column":2},"end":{"line":36,"column":2}},{"start":{"line":36,"column":2},"end":{"line":36,"column":2}}]},"4":{"line":36,"type":"binary-expr","locations":[{"start":{"line":36,"column":6},"end":{"line":36,"column":33}},{"start":{"line":36,"column":37},"end":{"line":36,"column":72}}]}},"code":["/**","Module helps to generate building options for plugin.","Those options then injected into platform-specific config.xml.","*/","","var fs = require('fs');","var path = require('path');","var OPTIONS_FILE_NAME = 'chcpbuild.options';","","module.exports = {","  getBuildConfigurationByName: getBuildConfigurationByName","};","","// region Public API","","/**"," * Generate build options depending on the options, provided in console."," *"," * @param {String} buildName - build identifier"," * @return {Object} build options; null - if none are found"," */","function getBuildConfigurationByName(ctx, buildName) {","  // load options from the chcpbuild.options file","  var chcpBuildOptions = getBuildOptionsFromConfig(ctx);","  if (chcpBuildOptions == null) {","    return null;","  }","","  var resultConfig = chcpBuildOptions[buildName];","  if (!resultConfig) {","    return null;","  }","","  // backwards capability","  // TODO: remove this in the next versions","  if (resultConfig['config-file'] && !resultConfig['config-file']['url']) {","    var url = resultConfig['config-file'];","    resultConfig['config-file'] = {","      'url': url","    };","  }","","  return resultConfig;","}","","// endregion","","// region Private API","","/**"," * Read options, listed in chcpbuild.options file."," *"," * @return {Object} options from chcpbuild.options file"," */","function getBuildOptionsFromConfig(ctx) {","  var chcpBuildOptionsFilePath = path.join(ctx.opts.projectRoot, OPTIONS_FILE_NAME);","","  return readObjectFromFile(chcpBuildOptionsFilePath);","};","","function readObjectFromFile(filePath) {","  var objData = null;","  try {","    var data = fs.readFileSync(filePath, 'utf-8');","    objData = JSON.parse(data, 'utf-8');","  } catch (err) {}","","  return objData;","}","","// endregion",""],"l":{"6":1,"7":1,"8":1,"10":1,"22":1,"24":0,"25":0,"26":0,"29":0,"30":0,"31":0,"36":0,"37":0,"38":0,"43":0,"55":1,"56":0,"58":0,"61":1,"62":0,"63":0,"64":0,"65":0,"68":0}},"/home/travis/build/npmtest/node-npmtest-cordova-hot-code-push-plugin/node_modules/cordova-hot-code-push-plugin/scripts/lib/chcpConfigXmlReader.js":{"path":"/home/travis/build/npmtest/node-npmtest-cordova-hot-code-push-plugin/node_modules/cordova-hot-code-push-plugin/scripts/lib/chcpConfigXmlReader.js","s":{"1":1,"2":1,"3":1,"4":1,"5":1,"6":1,"7":1,"8":0,"9":0,"10":0,"11":1,"12":0,"13":0,"14":0},"b":{"1":[0,0]},"f":{"1":0,"2":0},"fnMap":{"1":{"name":"readOptions","line":24,"loc":{"start":{"line":24,"column":0},"end":{"line":24,"column":26}}},"2":{"name":"parseConfig","line":41,"loc":{"start":{"line":41,"column":0},"end":{"line":41,"column":39}}}},"statementMap":{"1":{"start":{"line":5,"column":0},"end":{"line":5,"column":23}},"2":{"start":{"line":6,"column":0},"end":{"line":6,"column":27}},"3":{"start":{"line":7,"column":0},"end":{"line":7,"column":42}},"4":{"start":{"line":8,"column":0},"end":{"line":8,"column":19}},"5":{"start":{"line":9,"column":0},"end":{"line":9,"column":16}},"6":{"start":{"line":11,"column":0},"end":{"line":13,"column":2}},"7":{"start":{"line":24,"column":0},"end":{"line":29,"column":1}},"8":{"start":{"line":25,"column":2},"end":{"line":25,"column":69}},"9":{"start":{"line":26,"column":2},"end":{"line":26,"column":71}},"10":{"start":{"line":28,"column":2},"end":{"line":28,"column":39}},"11":{"start":{"line":41,"column":0},"end":{"line":47,"column":1}},"12":{"start":{"line":42,"column":2},"end":{"line":44,"column":3}},"13":{"start":{"line":43,"column":4},"end":{"line":43,"column":14}},"14":{"start":{"line":46,"column":2},"end":{"line":46,"column":31}}},"branchMap":{"1":{"line":42,"type":"if","locations":[{"start":{"line":42,"column":2},"end":{"line":42,"column":2}},{"start":{"line":42,"column":2},"end":{"line":42,"column":2}}]}},"code":["/*","Helper class to read plugin-specific options from the config.xml.","*/","","var fs = require('fs');","var path = require('path');","var xmlHelper = require('./xmlHelper.js');","var cordovaContext;","var projectRoot;","","module.exports = {","  readOptions: readOptions","};","","// region Public API","","/**"," * Read plugin options from config.xml."," * If none is specified - default options are returned."," *"," * @param {Object} ctx - cordova context object"," * @return {Object} plugin prefereces"," */","function readOptions(ctx) {","  var configFilePath = path.join(ctx.opts.projectRoot, 'config.xml');","  var configXmlContent = xmlHelper.readXmlAsJson(configFilePath, true);","","  return parseConfig(configXmlContent);","}","","// endregion","","// region Private API","","/**"," * Retrieve plugin preferences from the config.xml content."," *"," * @param {Object} configXmlContent - config.xml content as JSON object"," * @return {Object} plugin preferences"," */","function parseConfig(configXmlContent) {","  if (!configXmlContent.chcp) {","    return {};","  }","","  return configXmlContent.chcp;","}","","// endregion",""],"l":{"5":1,"6":1,"7":1,"8":1,"9":1,"11":1,"24":1,"25":0,"26":0,"28":0,"41":1,"42":0,"43":0,"46":0}},"/home/travis/build/npmtest/node-npmtest-cordova-hot-code-push-plugin/node_modules/cordova-hot-code-push-plugin/scripts/lib/xmlHelper.js":{"path":"/home/travis/build/npmtest/node-npmtest-cordova-hot-code-push-plugin/node_modules/cordova-hot-code-push-plugin/scripts/lib/xmlHelper.js","s":{"1":1,"2":1,"3":1,"4":1,"5":1,"6":0,"7":0,"8":0,"9":0,"10":0,"11":0,"12":0,"13":0,"14":0,"15":0,"16":0,"17":0,"18":1,"19":0,"20":0,"21":0,"22":0,"23":0,"24":0,"25":0,"26":0},"b":{"1":[0,0],"2":[0,0]},"f":{"1":0,"2":0,"3":0},"fnMap":{"1":{"name":"readXmlAsJson","line":22,"loc":{"start":{"line":22,"column":0},"end":{"line":22,"column":43}}},"2":{"name":"(anonymous_2)","line":39,"loc":{"start":{"line":39,"column":35},"end":{"line":39,"column":55}}},"3":{"name":"writeJsonAsXml","line":57,"loc":{"start":{"line":57,"column":0},"end":{"line":57,"column":51}}}},"statementMap":{"1":{"start":{"line":6,"column":0},"end":{"line":6,"column":23}},"2":{"start":{"line":7,"column":0},"end":{"line":7,"column":56}},"3":{"start":{"line":8,"column":0},"end":{"line":8,"column":31}},"4":{"start":{"line":10,"column":0},"end":{"line":13,"column":2}},"5":{"start":{"line":22,"column":0},"end":{"line":47,"column":1}},"6":{"start":{"line":23,"column":2},"end":{"line":23,"column":14}},"7":{"start":{"line":24,"column":2},"end":{"line":24,"column":17}},"8":{"start":{"line":25,"column":2},"end":{"line":25,"column":25}},"9":{"start":{"line":27,"column":2},"end":{"line":34,"column":3}},"10":{"start":{"line":28,"column":4},"end":{"line":33,"column":6}},"11":{"start":{"line":36,"column":2},"end":{"line":36,"column":51}},"12":{"start":{"line":37,"column":2},"end":{"line":44,"column":18}},"13":{"start":{"line":38,"column":4},"end":{"line":38,"column":40}},"14":{"start":{"line":39,"column":4},"end":{"line":43,"column":7}},"15":{"start":{"line":40,"column":6},"end":{"line":42,"column":7}},"16":{"start":{"line":41,"column":8},"end":{"line":41,"column":26}},"17":{"start":{"line":46,"column":2},"end":{"line":46,"column":20}},"18":{"start":{"line":57,"column":0},"end":{"line":70,"column":1}},"19":{"start":{"line":58,"column":2},"end":{"line":58,"column":47}},"20":{"start":{"line":59,"column":2},"end":{"line":59,"column":54}},"21":{"start":{"line":60,"column":2},"end":{"line":60,"column":21}},"22":{"start":{"line":62,"column":2},"end":{"line":67,"column":3}},"23":{"start":{"line":63,"column":4},"end":{"line":63,"column":47}},"24":{"start":{"line":65,"column":4},"end":{"line":65,"column":21}},"25":{"start":{"line":66,"column":4},"end":{"line":66,"column":20}},"26":{"start":{"line":69,"column":2},"end":{"line":69,"column":17}}},"branchMap":{"1":{"line":27,"type":"if","locations":[{"start":{"line":27,"column":2},"end":{"line":27,"column":2}},{"start":{"line":27,"column":2},"end":{"line":27,"column":2}}]},"2":{"line":40,"type":"if","locations":[{"start":{"line":40,"column":6},"end":{"line":40,"column":6}},{"start":{"line":40,"column":6},"end":{"line":40,"column":6}}]}},"code":["/*","Small helper class to read/write from/to xml file.","*/","","","var fs = require('fs');","var xml2jsProcessors = require('xml2js/lib/processors');","var xml2js = require('xml2js');","","module.exports = {","  readXmlAsJson: readXmlAsJson,","  writeJsonAsXml: writeJsonAsXml","};","","/**"," * Read data from the xml file as JSON object."," *"," * @param {String} filePath - absolute path to xml file"," * @param {Boolean} simplify - if set to true - cleanup resulting json"," * @return {Object} JSON object with the contents of the xml file"," */","function readXmlAsJson(filePath, simplify) {","  var xmlData;","  var parsedData;","  var parserOptions = {};","","  if (simplify) {","    parserOptions = {","      attrValueProcessors: [xml2jsProcessors.parseNumbers, xml2jsProcessors.parseBooleans],","      explicitArray: false,","      mergeAttrs: true,","      explicitRoot: false","    };","  }","","  var xmlParser = new xml2js.Parser(parserOptions);","  try {","    xmlData = fs.readFileSync(filePath);","    xmlParser.parseString(xmlData, function(err, data) {","      if (data) {","        parsedData = data;","      }","    });","  } catch (err) {}","","  return parsedData;","}","","/**"," * Write JSON object as xml into the specified file."," *"," * @param {Object} jsData - JSON object to write"," * @param {String} filePath - path to the xml file where data should be saved"," * @param {Object} options - xml options"," * @return {boolean} true - if data saved to file; false - otherwise"," */","function writeJsonAsXml(jsData, filePath, options) {","  var xmlBuilder = new xml2js.Builder(options);","  var changedXmlData = xmlBuilder.buildObject(jsData);","  var isSaved = true;","","  try {","    fs.writeFileSync(filePath, changedXmlData);","  } catch (err) {","    console.log(err);","    isSaved = false;","  }","","  return isSaved;","}",""],"l":{"6":1,"7":1,"8":1,"10":1,"22":1,"23":0,"24":0,"25":0,"27":0,"28":0,"36":0,"37":0,"38":0,"39":0,"40":0,"41":0,"46":0,
[...]
:0,"11":1,"12":0,"13":0,"14":0,"15":0,"16":0,"17":0,"18":0,"19":0,"20":0,"21":0,"22":1,"23":0,"24":0,"25":0,"26":0,"27":0,"28":0,"29":0,"30":0,"31":1,"32":0,"33":0,"34":0,"35":0,"36":0,"37":0,"38":0,"39":0,"40":0,"41":1,"42":0,"43":0,"44":0,"45":0,"46":0,"47":0,"48":0,"49":0,"50":0,"51":0,"52":0,"53":0,"54":0,"55":0,"56":0,"57":0,"58":0,"59":0,"60":0,"61":0,"62":0,"63":0,"64":0},"b":{"1":[0,0],"2":[0,0],"3":[0,0],"4":[0,0],"5":[0,0],"6":[0,0],"7":[0,0],"8":[0,0],"9":[0,0],"10":[0,0],"11":[0,0],"12":[0,0],"13":[0,0],"14":[0,0],"15":[0,0],"16":[0,0],"17":[0,0]},"f":{"1":0,"2":0,"3":0,"4":0,"5":0,"6":0,"7":0,"8":0,"9":0,"10":0,"11":0,"12":0,"13":0,"14":0,"15":0,"16":0},"fnMap":{"1":{"name":"(anonymous_1)","line":22,"loc":{"start":{"line":22,"column":33},"end":{"line":22,"column":44}}},"2":{"name":"nativeCallback","line":33,"loc":{"start":{"line":33,"column":0},"end":{"line":33,"column":29}}},"3":{"name":"processMessageFromNative","line":53,"loc":{"start":{"line":53,"column":0},"end":{"line":53,"column":39}}},"4":{"name":"callNativeMethod","line":78,"loc":{"start":{"line":78,"column":0},"end":{"line":78,"column":57}}},"5":{"name":"(anonymous_5)","line":79,"loc":{"start":{"line":79,"column":22},"end":{"line":79,"column":36}}},"6":{"name":"ensureCustomEventExists","line":100,"loc":{"start":{"line":100,"column":0},"end":{"line":100,"column":35}}},"7":{"name":"(anonymous_7)","line":106,"loc":{"start":{"line":106,"column":20},"end":{"line":106,"column":44}}},"8":{"name":"broadcastEventFromNative","line":126,"loc":{"start":{"line":126,"column":0},"end":{"line":126,"column":49}}},"9":{"name":"(anonymous_9)","line":201,"loc":{"start":{"line":201,"column":13},"end":{"line":201,"column":41}}},"10":{"name":"(anonymous_10)","line":217,"loc":{"start":{"line":217,"column":28},"end":{"line":217,"column":98}}},"11":{"name":"(anonymous_11)","line":222,"loc":{"start":{"line":222,"column":33},"end":{"line":222,"column":47}}},"12":{"name":"(anonymous_12)","line":228,"loc":{"start":{"line":228,"column":33},"end":{"line":228,"column":47}}},"13":{"name":"(anonymous_13)","line":244,"loc":{"start":{"line":244,"column":15},"end":{"line":244,"column":43}}},"14":{"name":"(anonymous_14)","line":253,"loc":{"start":{"line":253,"column":17},"end":{"line":253,"column":36}}},"15":{"name":"(anonymous_15)","line":265,"loc":{"start":{"line":265,"column":36},"end":{"line":265,"column":55}}},"16":{"name":"(anonymous_16)","line":275,"loc":{"start":{"line":275,"column":18},"end":{"line":275,"column":37}}}},"statementMap":{"1":{"start":{"line":3,"column":0},"end":{"line":18,"column":4}},"2":{"start":{"line":22,"column":0},"end":{"line":25,"column":3}},"3":{"start":{"line":23,"column":2},"end":{"line":23,"column":28}},"4":{"start":{"line":24,"column":2},"end":{"line":24,"column":77}},"5":{"start":{"line":33,"column":0},"end":{"line":42,"column":1}},"6":{"start":{"line":35,"column":2},"end":{"line":35,"column":48}},"7":{"start":{"line":36,"column":2},"end":{"line":39,"column":3}},"8":{"start":{"line":37,"column":4},"end":{"line":37,"column":52}},"9":{"start":{"line":38,"column":4},"end":{"line":38,"column":11}},"10":{"start":{"line":41,"column":2},"end":{"line":41,"column":38}},"11":{"start":{"line":53,"column":0},"end":{"line":76,"column":1}},"12":{"start":{"line":54,"column":2},"end":{"line":56,"column":20}},"13":{"start":{"line":58,"column":2},"end":{"line":69,"column":18}},"14":{"start":{"line":59,"column":4},"end":{"line":59,"column":36}},"15":{"start":{"line":60,"column":4},"end":{"line":62,"column":5}},"16":{"start":{"line":61,"column":6},"end":{"line":61,"column":37}},"17":{"start":{"line":63,"column":4},"end":{"line":65,"column":5}},"18":{"start":{"line":64,"column":6},"end":{"line":64,"column":35}},"19":{"start":{"line":66,"column":4},"end":{"line":68,"column":5}},"20":{"start":{"line":67,"column":6},"end":{"line":67,"column":34}},"21":{"start":{"line":71,"column":2},"end":{"line":75,"column":4}},"22":{"start":{"line":78,"column":0},"end":{"line":92,"column":1}},"23":{"start":{"line":79,"column":2},"end":{"line":84,"column":4}},"24":{"start":{"line":80,"column":4},"end":{"line":80,"column":50}},"25":{"start":{"line":81,"column":4},"end":{"line":83,"column":5}},"26":{"start":{"line":82,"column":6},"end":{"line":82,"column":48}},"27":{"start":{"line":86,"column":2},"end":{"line":86,"column":20}},"28":{"start":{"line":87,"column":2},"end":{"line":89,"column":3}},"29":{"start":{"line":88,"column":4},"end":{"line":88,"column":27}},"30":{"start":{"line":91,"column":2},"end":{"line":91,"column":63}},"31":{"start":{"line":100,"column":0},"end":{"line":119,"column":1}},"32":{"start":{"line":102,"column":2},"end":{"line":104,"column":3}},"33":{"start":{"line":103,"column":4},"end":{"line":103,"column":11}},"34":{"start":{"line":106,"column":2},"end":{"line":115,"column":4}},"35":{"start":{"line":107,"column":4},"end":{"line":111,"column":6}},"36":{"start":{"line":112,"column":4},"end":{"line":112,"column":50}},"37":{"start":{"line":113,"column":4},"end":{"line":113,"column":81}},"38":{"start":{"line":114,"column":4},"end":{"line":114,"column":15}},"39":{"start":{"line":117,"column":2},"end":{"line":117,"column":49}},"40":{"start":{"line":118,"column":2},"end":{"line":118,"column":35}},"41":{"start":{"line":126,"column":0},"end":{"line":136,"column":1}},"42":{"start":{"line":127,"column":2},"end":{"line":127,"column":18}},"43":{"start":{"line":128,"column":2},"end":{"line":130,"column":3}},"44":{"start":{"line":129,"column":4},"end":{"line":129,"column":39}},"45":{"start":{"line":132,"column":2},"end":{"line":134,"column":5}},"46":{"start":{"line":135,"column":2},"end":{"line":135,"column":36}},"47":{"start":{"line":144,"column":0},"end":{"line":278,"column":2}},"48":{"start":{"line":202,"column":4},"end":{"line":204,"column":5}},"49":{"start":{"line":203,"column":6},"end":{"line":203,"column":13}},"50":{"start":{"line":206,"column":4},"end":{"line":206,"column":70}},"51":{"start":{"line":218,"column":4},"end":{"line":220,"column":5}},"52":{"start":{"line":219,"column":6},"end":{"line":219,"column":13}},"53":{"start":{"line":222,"column":4},"end":{"line":226,"column":6}},"54":{"start":{"line":223,"column":6},"end":{"line":225,"column":7}},"55":{"start":{"line":224,"column":8},"end":{"line":224,"column":30}},"56":{"start":{"line":228,"column":4},"end":{"line":232,"column":6}},"57":{"start":{"line":229,"column":6},"end":{"line":231,"column":7}},"58":{"start":{"line":230,"column":8},"end":{"line":230,"column":40}},"59":{"start":{"line":234,"column":4},"end":{"line":234,"column":120}},"60":{"start":{"line":245,"column":4},"end":{"line":245,"column":73}},"61":{"start":{"line":254,"column":4},"end":{"line":254,"column":72}},"62":{"start":{"line":266,"column":4},"end":{"line":266,"column":94}},"63":{"start":{"line":276,"column":4},"end":{"line":276,"column":66}},"64":{"start":{"line":280,"column":0},"end":{"line":280,"column":22}}},"branchMap":{"1":{"line":36,"type":"if","locations":[{"start":{"line":36,"column":2},"end":{"line":36,"column":2}},{"start":{"line":36,"column":2},"end":{"line":36,"column":2}}]},"2":{"line":60,"type":"if","locations":[{"start":{"line":60,"column":4},"end":{"line":60,"column":4}},{"start":{"line":60,"column":4},"end":{"line":60,"column":4}}]},"3":{"line":63,"type":"if","locations":[{"start":{"line":63,"column":4},"end":{"line":63,"column":4}},{"start":{"line":63,"column":4},"end":{"line":63,"column":4}}]},"4":{"line":66,"type":"if","locations":[{"start":{"line":66,"column":4},"end":{"line":66,"column":4}},{"start":{"line":66,"column":4},"end":{"line":66,"column":4}}]},"5":{"line":81,"type":"if","locations":[{"start":{"line":81,"column":4},"end":{"line":81,"column":4}},{"start":{"line":81,"column":4},"end":{"line":81,"column":4}}]},"6":{"line":81,"type":"binary-expr","locations":[{"start":{"line":81,"column":8},"end":{"line":81,"column":30}},{"start":{"line":81,"column":34},"end":{"line":81,"column":50}}]},"7":{"line":87,"type":"if","locations":[{"start":{"line":87,"column":2},"end":{"line":87,"column":2}},{"start":{"line":87,"column":2},"end":{"line":87,"column":2}}]},"8":{"line":87,"type":"binary-expr","locations":[{"start":{"line":87,"column":6},"end":{"line":87,"column":22}},{"start":{"line":87,"column":26},"end":{"line":87,"column":47}}]},"9":{"line":102,"type":"if","locations":[{"start":{"line":102,"column":2},"end":{"line":102,"column":2}},{"start":{"line":102,"column":2},"end":{"line":102,"column":2}}]},"10":{"line":107,"type":"binary-expr","locations":[{"start":{"line":107,"column":13},"end":{"line":107,"column":19}},{"start":{"line":107,"column":23},"end":{"line":111,"column":5}}]},"11":{"line":128,"type":"if","locations":[{"start":{"line":128,"column":2},"end":{"line":128,"column":2}},{"start":{"line":128,"column":2},"end":{"line":128,"column":2}}]},"12":{"line":202,"type":"if","locations":[{"start":{"line":202,"column":4},"end":{"line":202,"column":4}},{"start":{"line":202,"column":4},"end":{"line":202,"column":4}}]},"13":{"line":202,"type":"binary-expr","locations":[{"start":{"line":202,"column":8},"end":{"line":202,"column":29}},{"start":{"line":202,"column":33},"end":{"line":202,"column":48}}]},"14":{"line":218,"type":"if","locations":[{"start":{"line":218,"column":4},"end":{"line":218,"column":4}},{"start":{"line":218,"column":4},"end":{"line":218,"column":4}}]},"15":{"line":218,"type":"binary-expr","locations":[{"start":{"line":218,"column":8},"end":{"line":218,"column":28}},{"start":{"line":218,"column":32},"end":{"line":218,"column":51}}]},"16":{"line":223,"type":"if","locations":[{"start":{"line":223,"column":6},"end":{"line":223,"column":6}},{"start":{"line":223,"column":6},"end":{"line":223,"column":6}}]},"17":{"line":229,"type":"if","locations":[{"start":{"line":229,"column":6},"end":{"line":229,"column":6}},{"start":{"line":229,"column":6},"end":{"line":229,"column":6}}]}},"code":["","","var exec = require('cordova/exec'),","  channel = require('cordova/channel'),","","  // Reference name for the plugin","  PLUGIN_NAME = 'HotCodePush',","","  // Plugin methods on the native side that can be called from JavaScript","  pluginNativeMethod = {","    INITIALIZE: 'jsInitPlugin',","    FETCH_UPDATE: 'jsFetchUpdate',","    INSTALL_UPDATE: 'jsInstallUpdate',","    CONFIGURE: 'jsConfigure',","    REQUEST_APP_UPDATE: 'jsRequestAppUpdate',","    IS_UPDATE_AVAILABLE_FOR_INSTALLATION: 'jsIsUpdateAvailableForInstallation',","    GET_INFO: 'jsGetVersionInfo'","  };","","// Called when Cordova is ready for work.","// Here we will send default callback to the native side through which it will send to us different events.","channel.onCordovaReady.subscribe(function() {","  ensureCustomEventExists();","  exec(nativeCallback, null, PLUGIN_NAME, pluginNativeMethod.INITIALIZE, []);","});","","/**"," * Method is called when native side sends us different events."," * Those events can be about update download/installation process."," *"," * @param {String} msg - JSON formatted string with call arguments"," */","function nativeCallback(msg) {","  // parse call arguments","  var resultObj = processMessageFromNative(msg);","  if (resultObj.action == null) {","    console.log('Action is not provided, skipping');","    return;","  }","","  broadcastEventFromNative(resultObj);","}","","/**"," * Parse arguments that were sent from the native side."," * Arguments are a JSON string of type:"," * { action: \"action identifier\", error: {...error data...}, data: {...some additional data..} }"," * Some parameters may not exist, but the resulting object will have them all."," *"," * @param {String} msg - arguments as JSON string"," * @return {Object} parsed string"," */","function processMessageFromNative(msg) {","  var errorContent = null,","    dataContent = null,","    actionId = null;","","  try {","    var resultObj = JSON.parse(msg);","    if (resultObj.hasOwnProperty('error')) {","      errorContent = resultObj.error;","    }","    if (resultObj.hasOwnProperty('data')) {","      dataContent = resultObj.data;","    }","    if (resultObj.hasOwnProperty('action')) {","      actionId = resultObj.action;","    }","  } catch (err) {}","","  return {","    action: actionId,","    error: errorContent,","    data: dataContent","  };","}","","function callNativeMethod(methodName, options, callback) {","  var innerCallback = function(msg) {","    var resultObj = processMessageFromNative(msg);","    if (callback !== undefined && callback != null) {","      callback(resultObj.error, resultObj.data);","    }","  };","","  var sendArgs = [];","  if (options !== null && options !== undefined) {","    sendArgs.push(options);","  }","","  exec(innerCallback, null, PLUGIN_NAME, methodName, sendArgs);","}","","// region Update/Install events","","/*"," * Polyfill for adding CustomEvent which may not exist on older versions of Android."," * See https://developer.mozilla.org/fr/docs/Web/API/CustomEvent for more details."," */","function ensureCustomEventExists() {","  // Create only if it doesn't exist","  if (window.CustomEvent) {","    return;","  }","","  var CustomEvent = function(event, params) {","    params = params || {","      bubbles: false,","      cancelable: false,","      detail: undefined","    };","    var evt = document.createEvent('CustomEvent');","    evt.initCustomEvent(event, params.bubbles, params.cancelable, params.detail);","    return evt;","  };","","  CustomEvent.prototype = window.Event.prototype;","  window.CustomEvent = CustomEvent;","}","","/**"," * Broadcast event that was received from the native side."," *"," * @param {Object} arguments, received from the native side"," */","function broadcastEventFromNative(nativeMessage) {","  var params = {};","  if (nativeMessage.error != null) {","    params.error = nativeMessage.error;","  }","","  var chcpEvent = new CustomEvent(nativeMessage.action, {","    'detail': params","  });","  document.dispatchEvent(chcpEvent);","}","","// endregion","","/**"," * Public module of the plugin."," * May be used by developers to send commands to the plugin."," */","var chcp = {","","  // Plugin error codes","  error: {","    NOTHING_TO_INSTALL: 1,","    NOTHING_TO_UPDATE: 2,","","    FAILED_TO_DOWNLOAD_APPLICATION_CONFIG: -1,","    APPLICATION_BUILD_VERSION_TOO_LOW: -2,","    FAILED_TO_DOWNLOAD_CONTENT_MANIFEST: -3,","    FAILED_TO_DOWNLOAD_UPDATE_FILES: -4,","    FAILED_TO_MOVE_LOADED_FILES_TO_INSTALLATION_FOLDER: -5,","    UPDATE_IS_INVALID: -6,","    FAILED_TO_COPY_FILES_FROM_PREVIOUS_RELEASE: -7,","    FAILED_TO_COPY_NEW_CONTENT_FILES: -8,","    LOCAL_VERSION_OF_APPLICATION_CONFIG_NOT_FOUND: -9,","    LOCAL_VERSION_OF_MANIFEST_NOT_FOUND: -10,","    LOADED_VERSION_OF_APPLICATION_CONFIG_NOT_FOUND: -11,","    LOADED_VERSION_OF_MANIFEST_NOT_FOUND: -12,","    FAILED_TO_INSTALL_ASSETS_ON_EXTERNAL_STORAGE: -13,","    CANT_INSTALL_WHILE_DOWNLOAD_IN_PROGRESS: -14,","    CANT_DOWNLOAD_UPDATE_WHILE_INSTALLATION_IN_PROGRESS: -15,","    INSTALLATION_ALREADY_IN_PROGRESS: -16,","    DOWNLOAD_ALREADY_IN_PROGRESS: -17,","    ASSETS_FOLDER_IN_NOT_YET_INSTALLED: -18,","    NEW_APPLICATION_CONFIG_IS_INVALID: -19","  },","","  // Plugin events","  event: {","    BEFORE_ASSETS_INSTALLATION: 'chcp_beforeAssetsInstalledOnExternalStorage',","    ASSETS_INSTALLATION_FAILED: 'chcp_assetsInstallationError',","    ASSETS_INSTALLED: 'chcp_assetsInstalledOnExternalStorage',","","    NOTHING_TO_UPDATE: 'chcp_nothingToUpdate',","    UPDATE_LOAD_FAILED: 'chcp_updateLoadFailed',","    UPDATE_IS_READY_TO_INSTALL: 'chcp_updateIsReadyToInstall',","","    BEFORE_UPDATE_INSTALLATION: 'chcp_beforeInstall',","    UPDATE_INSTALLATION_FAILED: 'chcp_updateInstallFailed',","    UPDATE_INSTALLED: 'chcp_updateInstalled',","    NOTHING_TO_INSTALL: 'chcp_nothingToInstall'","  },","","  /**","   * DEPRECATED! WILL BE REMOVED EVENTUALLY!","   *","   * If you want to set config-url - use chcp.fetchUpdate(callback, options).","   * If you want to set auto-download/auto-install preference - do it in config.xml instead of this method.","   *","   * Set plugin options.","   * Options are send to the native side.","   * As soon as they are processed - callback is called.","   *","   * @param {Object} options - options to set","   * @param {Callback(error)} callback - callback to call when options are set","   */","  configure: function(options, callback) {","    if (options === undefined || options == null) {","      return;","    }","","    callNativeMethod(pluginNativeMethod.CONFIGURE, options, callback);","  },","","  /**","   * Show dialog with the request to update application through the Store (App Store or Google Play).","   * For that purpose you can use any other cordova library, this is just a small helper method.","   *","   * @param {String} message - message to show in the dialog","   * @param {Callback()} onStoreOpenCallback - called when user redirects to the Store","   * @param {Callback()} onUserDismissedDialogCallback - called when user declines to go to the Store","   */","  requestApplicationUpdate: function(message, onStoreOpenCallback, onUserDismissedDialogCallback) {","    if (message == undefined || message.length == 0) {","      return;","    }","","    var onSuccessInnerCallback = function(msg) {","      if (onStoreOpenCallback) {","        onStoreOpenCallback();","      }","    };","","    var onFailureInnerCallback = function(msg) {","      if (onUserDismissedDialogCallback) {","        onUserDismissedDialogCallback();","      }","    };","","    exec(onSuccessInnerCallback, onFailureInnerCallback, PLUGIN_NAME, pluginNativeMethod.REQUEST_APP_UPDATE, [message]);","  },","","  /**","   * Check if any new content is available on the server and download it.","   * Usually this is done automatically by the plugin, but can be triggered at any time from the web page.","   *","   * @param {Callback(error, data)} callback - called when native side finished update process","   * @param {Object} options - additional options, such as \"config-url\" and additional http headers.","   */","  fetchUpdate: function(callback, options) {","    callNativeMethod(pluginNativeMethod.FETCH_UPDATE, options, callback);","  },","","  /**","   * Install update if there is anything to install.","   *","   * @param {Callback(error)} callback - called when native side finishes installation process","   */","  installUpdate: function(callback) {","    callNativeMethod(pluginNativeMethod.INSTALL_UPDATE, null, callback);","  },","","  /**","   * Check if update was loaded and ready to be installed.","   * If update was loaded and can be installed - \"data\" property of the callback will contain the name of the current version and the name of the new","   * version.","   * If not - \"error\" will contain code chcp.error.NOTHING_TO_INSTALL.","   *","   * @param {Callback(error, data)} callback - called, when information is retrieved from the native side.","   */","  isUpdateAvailableForInstallation: function(callback) {","    callNativeMethod(pluginNativeMethod.IS_UPDATE_AVAILABLE_FOR_INSTALLATION, null, callback);","  },","","  /**","   * Get information about the current version like current release version, app build version and so on.","   * The \"data\" property of the callback will contain all the information.","   *","   * @param {Callback(error, data)} callback - called, when information is retrieved from the native side.","   */","  getVersionInfo: function(callback) {","    callNativeMethod(pluginNativeMethod.GET_INFO, null, callback);","  }","};","","module.exports = chcp;",""],"l":{"3":2,"22":0,"23":0,"24":0,"33":1,"35":0,"36":0,"37":0,"38":0,"41":0,"53":1,"54":0,"58":0,"59":0,"60":0,"61":0,"63":0,"64":0,"66":0,"67":0,"71":0,"78":1,"79":0,"80":0,"81":0,"82":0,"86":0,"87":0,"88":0,"91":0,"100":1,"102":0,"103":0,"106":0,"107":0,"112":0,"113":0,"114":0,"117":0,"118":0,"126":1,"127":0,"128":0,"129":0,"132":0,"135":0,"144":0,"202":0,"203":0,"206":0,"218":0,"219":0,"222":0,"223":0,"224":0,"228":0,"229":0,"230":0,"234":0,"245":0,"254":0,"266":0,"276":0,"280":0}}}